The system is: Linux - 5.19.0-46-generic - x86_64
Compiling the C compiler identification source file "CMakeCCompilerId.c" succeeded.
Compiler: /usr/bin/cc 
Build flags: 
Id flags:  

The output was:
0


Compilation of the C compiler identification source "CMakeCCompilerId.c" produced "a.out"

The C compiler identification is GNU, found in "/home/jclee/Development/Matter/WS_Matter/iotivity-lite/build/CMakeFiles/3.22.1/CompilerIdC/a.out"

Compiling the CXX compiler identification source file "CMakeCXXCompilerId.cpp" succeeded.
Compiler: /usr/bin/c++ 
Build flags: 
Id flags:  

The output was:
0


Compilation of the CXX compiler identification source "CMakeCXXCompilerId.cpp" produced "a.out"

The CXX compiler identification is GNU, found in "/home/jclee/Development/Matter/WS_Matter/iotivity-lite/build/CMakeFiles/3.22.1/CompilerIdCXX/a.out"

Detecting C compiler ABI info compiled with the following output:
Change Dir: /home/jclee/Development/Matter/WS_Matter/iotivity-lite/build/CMakeFiles/CMakeTmp

Run Build Command(s):/usr/bin/gmake -f Makefile cmTC_f070e/fast && /usr/bin/gmake  -f CMakeFiles/cmTC_f070e.dir/build.make CMakeFiles/cmTC_f070e.dir/build
gmake[1]: Entering directory '/home/jclee/Development/Matter/WS_Matter/iotivity-lite/build/CMakeFiles/CMakeTmp'
Building C object CMakeFiles/cmTC_f070e.dir/CMakeCCompilerABI.c.o
/usr/bin/cc   -v -o CMakeFiles/cmTC_f070e.dir/CMakeCCompilerABI.c.o -c /usr/share/cmake-3.22/Modules/CMakeCCompilerABI.c
Using built-in specs.
COLLECT_GCC=/usr/bin/cc
OFFLOAD_TARGET_NAMES=nvptx-none:amdgcn-amdhsa
OFFLOAD_TARGET_DEFAULT=1
Target: x86_64-linux-gnu
Configured with: ../src/configure -v --with-pkgversion='Ubuntu 11.3.0-1ubuntu1~22.04.1' --with-bugurl=file:///usr/share/doc/gcc-11/README.Bugs --enable-languages=c,ada,c++,go,brig,d,fortran,objc,obj-c++,m2 --prefix=/usr --with-gcc-major-version-only --program-suffix=-11 --program-prefix=x86_64-linux-gnu- --enable-shared --enable-linker-build-id --libexecdir=/usr/lib --without-included-gettext --enable-threads=posix --libdir=/usr/lib --enable-nls --enable-bootstrap --enable-clocale=gnu --enable-libstdcxx-debug --enable-libstdcxx-time=yes --with-default-libstdcxx-abi=new --enable-gnu-unique-object --disable-vtable-verify --enable-plugin --enable-default-pie --with-system-zlib --enable-libphobos-checking=release --with-target-system-zlib=auto --enable-objc-gc=auto --enable-multiarch --disable-werror --enable-cet --with-arch-32=i686 --with-abi=m64 --with-multilib-list=m32,m64,mx32 --enable-multilib --with-tune=generic --enable-offload-targets=nvptx-none=/build/gcc-11-aYxV0E/gcc-11-11.3.0/debian/tmp-nvptx/usr,amdgcn-amdhsa=/build/gcc-11-aYxV0E/gcc-11-11.3.0/debian/tmp-gcn/usr --without-cuda-driver --enable-checking=release --build=x86_64-linux-gnu --host=x86_64-linux-gnu --target=x86_64-linux-gnu --with-build-config=bootstrap-lto-lean --enable-link-serialization=2
Thread model: posix
Supported LTO compression algorithms: zlib zstd
gcc version 11.3.0 (Ubuntu 11.3.0-1ubuntu1~22.04.1) 
COLLECT_GCC_OPTIONS='-v' '-o' 'CMakeFiles/cmTC_f070e.dir/CMakeCCompilerABI.c.o' '-c' '-mtune=generic' '-march=x86-64' '-dumpdir' 'CMakeFiles/cmTC_f070e.dir/'
 /usr/lib/gcc/x86_64-linux-gnu/11/cc1 -quiet -v -imultiarch x86_64-linux-gnu /usr/share/cmake-3.22/Modules/CMakeCCompilerABI.c -quiet -dumpdir CMakeFiles/cmTC_f070e.dir/ -dumpbase CMakeCCompilerABI.c.c -dumpbase-ext .c -mtune=generic -march=x86-64 -version -fasynchronous-unwind-tables -fstack-protector-strong -Wformat -Wformat-security -fstack-clash-protection -fcf-protection -o /tmp/ccluAZpB.s
GNU C17 (Ubuntu 11.3.0-1ubuntu1~22.04.1) version 11.3.0 (x86_64-linux-gnu)
	compiled by GNU C version 11.3.0, GMP version 6.2.1, MPFR version 4.1.0, MPC version 1.2.1, isl version isl-0.24-GMP

GGC heuristics: --param ggc-min-expand=100 --param ggc-min-heapsize=131072
ignoring nonexistent directory "/usr/local/include/x86_64-linux-gnu"
ignoring nonexistent directory "/usr/lib/gcc/x86_64-linux-gnu/11/include-fixed"
ignoring nonexistent directory "/usr/lib/gcc/x86_64-linux-gnu/11/../../../../x86_64-linux-gnu/include"
#include "..." search starts here:
#include <...> search starts here:
 /usr/lib/gcc/x86_64-linux-gnu/11/include
 /usr/local/include
 /usr/include/x86_64-linux-gnu
 /usr/include
End of search list.
GNU C17 (Ubuntu 11.3.0-1ubuntu1~22.04.1) version 11.3.0 (x86_64-linux-gnu)
	compiled by GNU C version 11.3.0, GMP version 6.2.1, MPFR version 4.1.0, MPC version 1.2.1, isl version isl-0.24-GMP

GGC heuristics: --param ggc-min-expand=100 --param ggc-min-heapsize=131072
Compiler executable checksum: e13e2dc98bfa673227c4000e476a9388
COLLECT_GCC_OPTIONS='-v' '-o' 'CMakeFiles/cmTC_f070e.dir/CMakeCCompilerABI.c.o' '-c' '-mtune=generic' '-march=x86-64' '-dumpdir' 'CMakeFiles/cmTC_f070e.dir/'
 as -v --64 -o CMakeFiles/cmTC_f070e.dir/CMakeCCompilerABI.c.o /tmp/ccluAZpB.s
GNU assembler version 2.38 (x86_64-linux-gnu) using BFD version (GNU Binutils for Ubuntu) 2.38
COMPILER_PATH=/usr/lib/gcc/x86_64-linux-gnu/11/:/usr/lib/gcc/x86_64-linux-gnu/11/:/usr/lib/gcc/x86_64-linux-gnu/:/usr/lib/gcc/x86_64-linux-gnu/11/:/usr/lib/gcc/x86_64-linux-gnu/
LIBRARY_PATH=/usr/lib/gcc/x86_64-linux-gnu/11/:/usr/lib/gcc/x86_64-linux-gnu/11/../../../x86_64-linux-gnu/:/usr/lib/gcc/x86_64-linux-gnu/11/../../../../lib/:/lib/x86_64-linux-gnu/:/lib/../lib/:/usr/lib/x86_64-linux-gnu/:/usr/lib/../lib/:/usr/lib/gcc/x86_64-linux-gnu/11/../../../:/lib/:/usr/lib/
COLLECT_GCC_OPTIONS='-v' '-o' 'CMakeFiles/cmTC_f070e.dir/CMakeCCompilerABI.c.o' '-c' '-mtune=generic' '-march=x86-64' '-dumpdir' 'CMakeFiles/cmTC_f070e.dir/CMakeCCompilerABI.c.'
Linking C executable cmTC_f070e
/usr/bin/cmake -E cmake_link_script CMakeFiles/cmTC_f070e.dir/link.txt --verbose=1
/usr/bin/cc  -v CMakeFiles/cmTC_f070e.dir/CMakeCCompilerABI.c.o -o cmTC_f070e 
Using built-in specs.
COLLECT_GCC=/usr/bin/cc
COLLECT_LTO_WRAPPER=/usr/lib/gcc/x86_64-linux-gnu/11/lto-wrapper
OFFLOAD_TARGET_NAMES=nvptx-none:amdgcn-amdhsa
OFFLOAD_TARGET_DEFAULT=1
Target: x86_64-linux-gnu
Configured with: ../src/configure -v --with-pkgversion='Ubuntu 11.3.0-1ubuntu1~22.04.1' --with-bugurl=file:///usr/share/doc/gcc-11/README.Bugs --enable-languages=c,ada,c++,go,brig,d,fortran,objc,obj-c++,m2 --prefix=/usr --with-gcc-major-version-only --program-suffix=-11 --program-prefix=x86_64-linux-gnu- --enable-shared --enable-linker-build-id --libexecdir=/usr/lib --without-included-gettext --enable-threads=posix --libdir=/usr/lib --enable-nls --enable-bootstrap --enable-clocale=gnu --enable-libstdcxx-debug --enable-libstdcxx-time=yes --with-default-libstdcxx-abi=new --enable-gnu-unique-object --disable-vtable-verify --enable-plugin --enable-default-pie --with-system-zlib --enable-libphobos-checking=release --with-target-system-zlib=auto --enable-objc-gc=auto --enable-multiarch --disable-werror --enable-cet --with-arch-32=i686 --with-abi=m64 --with-multilib-list=m32,m64,mx32 --enable-multilib --with-tune=generic --enable-offload-targets=nvptx-none=/build/gcc-11-aYxV0E/gcc-11-11.3.0/debian/tmp-nvptx/usr,amdgcn-amdhsa=/build/gcc-11-aYxV0E/gcc-11-11.3.0/debian/tmp-gcn/usr --without-cuda-driver --enable-checking=release --build=x86_64-linux-gnu --host=x86_64-linux-gnu --target=x86_64-linux-gnu --with-build-config=bootstrap-lto-lean --enable-link-serialization=2
Thread model: posix
Supported LTO compression algorithms: zlib zstd
gcc version 11.3.0 (Ubuntu 11.3.0-1ubuntu1~22.04.1) 
COMPILER_PATH=/usr/lib/gcc/x86_64-linux-gnu/11/:/usr/lib/gcc/x86_64-linux-gnu/11/:/usr/lib/gcc/x86_64-linux-gnu/:/usr/lib/gcc/x86_64-linux-gnu/11/:/usr/lib/gcc/x86_64-linux-gnu/
LIBRARY_PATH=/usr/lib/gcc/x86_64-linux-gnu/11/:/usr/lib/gcc/x86_64-linux-gnu/11/../../../x86_64-linux-gnu/:/usr/lib/gcc/x86_64-linux-gnu/11/../../../../lib/:/lib/x86_64-linux-gnu/:/lib/../lib/:/usr/lib/x86_64-linux-gnu/:/usr/lib/../lib/:/usr/lib/gcc/x86_64-linux-gnu/11/../../../:/lib/:/usr/lib/
COLLECT_GCC_OPTIONS='-v' '-o' 'cmTC_f070e' '-mtune=generic' '-march=x86-64' '-dumpdir' 'cmTC_f070e.'
 /usr/lib/gcc/x86_64-linux-gnu/11/collect2 -plugin /usr/lib/gcc/x86_64-linux-gnu/11/liblto_plugin.so -plugin-opt=/usr/lib/gcc/x86_64-linux-gnu/11/lto-wrapper -plugin-opt=-fresolution=/tmp/ccfW27xt.res -plugin-opt=-pass-through=-lgcc -plugin-opt=-pass-through=-lgcc_s -plugin-opt=-pass-through=-lc -plugin-opt=-pass-through=-lgcc -plugin-opt=-pass-through=-lgcc_s --build-id --eh-frame-hdr -m elf_x86_64 --hash-style=gnu --as-needed -dynamic-linker /lib64/ld-linux-x86-64.so.2 -pie -z now -z relro -o cmTC_f070e /usr/lib/gcc/x86_64-linux-gnu/11/../../../x86_64-linux-gnu/Scrt1.o /usr/lib/gcc/x86_64-linux-gnu/11/../../../x86_64-linux-gnu/crti.o /usr/lib/gcc/x86_64-linux-gnu/11/crtbeginS.o -L/usr/lib/gcc/x86_64-linux-gnu/11 -L/usr/lib/gcc/x86_64-linux-gnu/11/../../../x86_64-linux-gnu -L/usr/lib/gcc/x86_64-linux-gnu/11/../../../../lib -L/lib/x86_64-linux-gnu -L/lib/../lib -L/usr/lib/x86_64-linux-gnu -L/usr/lib/../lib -L/usr/lib/gcc/x86_64-linux-gnu/11/../../.. CMakeFiles/cmTC_f070e.dir/CMakeCCompilerABI.c.o -lgcc --push-state --as-needed -lgcc_s --pop-state -lc -lgcc --push-state --as-needed -lgcc_s --pop-state /usr/lib/gcc/x86_64-linux-gnu/11/crtendS.o /usr/lib/gcc/x86_64-linux-gnu/11/../../../x86_64-linux-gnu/crtn.o
COLLECT_GCC_OPTIONS='-v' '-o' 'cmTC_f070e' '-mtune=generic' '-march=x86-64' '-dumpdir' 'cmTC_f070e.'
gmake[1]: Leaving directory '/home/jclee/Development/Matter/WS_Matter/iotivity-lite/build/CMakeFiles/CMakeTmp'



Parsed C implicit include dir info from above output: rv=done
  found start of include info
  found start of implicit include info
    add: [/usr/lib/gcc/x86_64-linux-gnu/11/include]
    add: [/usr/local/include]
    add: [/usr/include/x86_64-linux-gnu]
    add: [/usr/include]
  end of search list found
  collapse include dir [/usr/lib/gcc/x86_64-linux-gnu/11/include] ==> [/usr/lib/gcc/x86_64-linux-gnu/11/include]
  collapse include dir [/usr/local/include] ==> [/usr/local/include]
  collapse include dir [/usr/include/x86_64-linux-gnu] ==> [/usr/include/x86_64-linux-gnu]
  collapse include dir [/usr/include] ==> [/usr/include]
  implicit include dirs: [/usr/lib/gcc/x86_64-linux-gnu/11/include;/usr/local/include;/usr/include/x86_64-linux-gnu;/usr/include]


Parsed C implicit link information from above output:
  link line regex: [^( *|.*[/\])(ld|CMAKE_LINK_STARTFILE-NOTFOUND|([^/\]+-)?ld|collect2)[^/\]*( |$)]
  ignore line: [Change Dir: /home/jclee/Development/Matter/WS_Matter/iotivity-lite/build/CMakeFiles/CMakeTmp]
  ignore line: []
  ignore line: [Run Build Command(s):/usr/bin/gmake -f Makefile cmTC_f070e/fast && /usr/bin/gmake  -f CMakeFiles/cmTC_f070e.dir/build.make CMakeFiles/cmTC_f070e.dir/build]
  ignore line: [gmake[1]: Entering directory '/home/jclee/Development/Matter/WS_Matter/iotivity-lite/build/CMakeFiles/CMakeTmp']
  ignore line: [Building C object CMakeFiles/cmTC_f070e.dir/CMakeCCompilerABI.c.o]
  ignore line: [/usr/bin/cc   -v -o CMakeFiles/cmTC_f070e.dir/CMakeCCompilerABI.c.o -c /usr/share/cmake-3.22/Modules/CMakeCCompilerABI.c]
  ignore line: [Using built-in specs.]
  ignore line: [COLLECT_GCC=/usr/bin/cc]
  ignore line: [OFFLOAD_TARGET_NAMES=nvptx-none:amdgcn-amdhsa]
  ignore line: [OFFLOAD_TARGET_DEFAULT=1]
  ignore line: [Target: x86_64-linux-gnu]
  ignore line: [Configured with: ../src/configure -v --with-pkgversion='Ubuntu 11.3.0-1ubuntu1~22.04.1' --with-bugurl=file:///usr/share/doc/gcc-11/README.Bugs --enable-languages=c ada c++ go brig d fortran objc obj-c++ m2 --prefix=/usr --with-gcc-major-version-only --program-suffix=-11 --program-prefix=x86_64-linux-gnu- --enable-shared --enable-linker-build-id --libexecdir=/usr/lib --without-included-gettext --enable-threads=posix --libdir=/usr/lib --enable-nls --enable-bootstrap --enable-clocale=gnu --enable-libstdcxx-debug --enable-libstdcxx-time=yes --with-default-libstdcxx-abi=new --enable-gnu-unique-object --disable-vtable-verify --enable-plugin --enable-default-pie --with-system-zlib --enable-libphobos-checking=release --with-target-system-zlib=auto --enable-objc-gc=auto --enable-multiarch --disable-werror --enable-cet --with-arch-32=i686 --with-abi=m64 --with-multilib-list=m32 m64 mx32 --enable-multilib --with-tune=generic --enable-offload-targets=nvptx-none=/build/gcc-11-aYxV0E/gcc-11-11.3.0/debian/tmp-nvptx/usr amdgcn-amdhsa=/build/gcc-11-aYxV0E/gcc-11-11.3.0/debian/tmp-gcn/usr --without-cuda-driver --enable-checking=release --build=x86_64-linux-gnu --host=x86_64-linux-gnu --target=x86_64-linux-gnu --with-build-config=bootstrap-lto-lean --enable-link-serialization=2]
  ignore line: [Thread model: posix]
  ignore line: [Supported LTO compression algorithms: zlib zstd]
  ignore line: [gcc version 11.3.0 (Ubuntu 11.3.0-1ubuntu1~22.04.1) ]
  ignore line: [COLLECT_GCC_OPTIONS='-v' '-o' 'CMakeFiles/cmTC_f070e.dir/CMakeCCompilerABI.c.o' '-c' '-mtune=generic' '-march=x86-64' '-dumpdir' 'CMakeFiles/cmTC_f070e.dir/']
  ignore line: [ /usr/lib/gcc/x86_64-linux-gnu/11/cc1 -quiet -v -imultiarch x86_64-linux-gnu /usr/share/cmake-3.22/Modules/CMakeCCompilerABI.c -quiet -dumpdir CMakeFiles/cmTC_f070e.dir/ -dumpbase CMakeCCompilerABI.c.c -dumpbase-ext .c -mtune=generic -march=x86-64 -version -fasynchronous-unwind-tables -fstack-protector-strong -Wformat -Wformat-security -fstack-clash-protection -fcf-protection -o /tmp/ccluAZpB.s]
  ignore line: [GNU C17 (Ubuntu 11.3.0-1ubuntu1~22.04.1) version 11.3.0 (x86_64-linux-gnu)]
  ignore line: [	compiled by GNU C version 11.3.0  GMP version 6.2.1  MPFR version 4.1.0  MPC version 1.2.1  isl version isl-0.24-GMP]
  ignore line: []
  ignore line: [GGC heuristics: --param ggc-min-expand=100 --param ggc-min-heapsize=131072]
  ignore line: [ignoring nonexistent directory "/usr/local/include/x86_64-linux-gnu"]
  ignore line: [ignoring nonexistent directory "/usr/lib/gcc/x86_64-linux-gnu/11/include-fixed"]
  ignore line: [ignoring nonexistent directory "/usr/lib/gcc/x86_64-linux-gnu/11/../../../../x86_64-linux-gnu/include"]
  ignore line: [#include "..." search starts here:]
  ignore line: [#include <...> search starts here:]
  ignore line: [ /usr/lib/gcc/x86_64-linux-gnu/11/include]
  ignore line: [ /usr/local/include]
  ignore line: [ /usr/include/x86_64-linux-gnu]
  ignore line: [ /usr/include]
  ignore line: [End of search list.]
  ignore line: [GNU C17 (Ubuntu 11.3.0-1ubuntu1~22.04.1) version 11.3.0 (x86_64-linux-gnu)]
  ignore line: [	compiled by GNU C version 11.3.0  GMP version 6.2.1  MPFR version 4.1.0  MPC version 1.2.1  isl version isl-0.24-GMP]
  ignore line: []
  ignore line: [GGC heuristics: --param ggc-min-expand=100 --param ggc-min-heapsize=131072]
  ignore line: [Compiler executable checksum: e13e2dc98bfa673227c4000e476a9388]
  ignore line: [COLLECT_GCC_OPTIONS='-v' '-o' 'CMakeFiles/cmTC_f070e.dir/CMakeCCompilerABI.c.o' '-c' '-mtune=generic' '-march=x86-64' '-dumpdir' 'CMakeFiles/cmTC_f070e.dir/']
  ignore line: [ as -v --64 -o CMakeFiles/cmTC_f070e.dir/CMakeCCompilerABI.c.o /tmp/ccluAZpB.s]
  ignore line: [GNU assembler version 2.38 (x86_64-linux-gnu) using BFD version (GNU Binutils for Ubuntu) 2.38]
  ignore line: [COMPILER_PATH=/usr/lib/gcc/x86_64-linux-gnu/11/:/usr/lib/gcc/x86_64-linux-gnu/11/:/usr/lib/gcc/x86_64-linux-gnu/:/usr/lib/gcc/x86_64-linux-gnu/11/:/usr/lib/gcc/x86_64-linux-gnu/]
  ignore line: [LIBRARY_PATH=/usr/lib/gcc/x86_64-linux-gnu/11/:/usr/lib/gcc/x86_64-linux-gnu/11/../../../x86_64-linux-gnu/:/usr/lib/gcc/x86_64-linux-gnu/11/../../../../lib/:/lib/x86_64-linux-gnu/:/lib/../lib/:/usr/lib/x86_64-linux-gnu/:/usr/lib/../lib/:/usr/lib/gcc/x86_64-linux-gnu/11/../../../:/lib/:/usr/lib/]
  ignore line: [COLLECT_GCC_OPTIONS='-v' '-o' 'CMakeFiles/cmTC_f070e.dir/CMakeCCompilerABI.c.o' '-c' '-mtune=generic' '-march=x86-64' '-dumpdir' 'CMakeFiles/cmTC_f070e.dir/CMakeCCompilerABI.c.']
  ignore line: [Linking C executable cmTC_f070e]
  ignore line: [/usr/bin/cmake -E cmake_link_script CMakeFiles/cmTC_f070e.dir/link.txt --verbose=1]
  ignore line: [/usr/bin/cc  -v CMakeFiles/cmTC_f070e.dir/CMakeCCompilerABI.c.o -o cmTC_f070e ]
  ignore line: [Using built-in specs.]
  ignore line: [COLLECT_GCC=/usr/bin/cc]
  ignore line: [COLLECT_LTO_WRAPPER=/usr/lib/gcc/x86_64-linux-gnu/11/lto-wrapper]
  ignore line: [OFFLOAD_TARGET_NAMES=nvptx-none:amdgcn-amdhsa]
  ignore line: [OFFLOAD_TARGET_DEFAULT=1]
  ignore line: [Target: x86_64-linux-gnu]
  ignore line: [Configured with: ../src/configure -v --with-pkgversion='Ubuntu 11.3.0-1ubuntu1~22.04.1' --with-bugurl=file:///usr/share/doc/gcc-11/README.Bugs --enable-languages=c ada c++ go brig d fortran objc obj-c++ m2 --prefix=/usr --with-gcc-major-version-only --program-suffix=-11 --program-prefix=x86_64-linux-gnu- --enable-shared --enable-linker-build-id --libexecdir=/usr/lib --without-included-gettext --enable-threads=posix --libdir=/usr/lib --enable-nls --enable-bootstrap --enable-clocale=gnu --enable-libstdcxx-debug --enable-libstdcxx-time=yes --with-default-libstdcxx-abi=new --enable-gnu-unique-object --disable-vtable-verify --enable-plugin --enable-default-pie --with-system-zlib --enable-libphobos-checking=release --with-target-system-zlib=auto --enable-objc-gc=auto --enable-multiarch --disable-werror --enable-cet --with-arch-32=i686 --with-abi=m64 --with-multilib-list=m32 m64 mx32 --enable-multilib --with-tune=generic --enable-offload-targets=nvptx-none=/build/gcc-11-aYxV0E/gcc-11-11.3.0/debian/tmp-nvptx/usr amdgcn-amdhsa=/build/gcc-11-aYxV0E/gcc-11-11.3.0/debian/tmp-gcn/usr --without-cuda-driver --enable-checking=release --build=x86_64-linux-gnu --host=x86_64-linux-gnu --target=x86_64-linux-gnu --with-build-config=bootstrap-lto-lean --enable-link-serialization=2]
  ignore line: [Thread model: posix]
  ignore line: [Supported LTO compression algorithms: zlib zstd]
  ignore line: [gcc version 11.3.0 (Ubuntu 11.3.0-1ubuntu1~22.04.1) ]
  ignore line: [COMPILER_PATH=/usr/lib/gcc/x86_64-linux-gnu/11/:/usr/lib/gcc/x86_64-linux-gnu/11/:/usr/lib/gcc/x86_64-linux-gnu/:/usr/lib/gcc/x86_64-linux-gnu/11/:/usr/lib/gcc/x86_64-linux-gnu/]
  ignore line: [LIBRARY_PATH=/usr/lib/gcc/x86_64-linux-gnu/11/:/usr/lib/gcc/x86_64-linux-gnu/11/../../../x86_64-linux-gnu/:/usr/lib/gcc/x86_64-linux-gnu/11/../../../../lib/:/lib/x86_64-linux-gnu/:/lib/../lib/:/usr/lib/x86_64-linux-gnu/:/usr/lib/../lib/:/usr/lib/gcc/x86_64-linux-gnu/11/../../../:/lib/:/usr/lib/]
  ignore line: [COLLECT_GCC_OPTIONS='-v' '-o' 'cmTC_f070e' '-mtune=generic' '-march=x86-64' '-dumpdir' 'cmTC_f070e.']
  link line: [ /usr/lib/gcc/x86_64-linux-gnu/11/collect2 -plugin /usr/lib/gcc/x86_64-linux-gnu/11/liblto_plugin.so -plugin-opt=/usr/lib/gcc/x86_64-linux-gnu/11/lto-wrapper -plugin-opt=-fresolution=/tmp/ccfW27xt.res -plugin-opt=-pass-through=-lgcc -plugin-opt=-pass-through=-lgcc_s -plugin-opt=-pass-through=-lc -plugin-opt=-pass-through=-lgcc -plugin-opt=-pass-through=-lgcc_s --build-id --eh-frame-hdr -m elf_x86_64 --hash-style=gnu --as-needed -dynamic-linker /lib64/ld-linux-x86-64.so.2 -pie -z now -z relro -o cmTC_f070e /usr/lib/gcc/x86_64-linux-gnu/11/../../../x86_64-linux-gnu/Scrt1.o /usr/lib/gcc/x86_64-linux-gnu/11/../../../x86_64-linux-gnu/crti.o /usr/lib/gcc/x86_64-linux-gnu/11/crtbeginS.o -L/usr/lib/gcc/x86_64-linux-gnu/11 -L/usr/lib/gcc/x86_64-linux-gnu/11/../../../x86_64-linux-gnu -L/usr/lib/gcc/x86_64-linux-gnu/11/../../../../lib -L/lib/x86_64-linux-gnu -L/lib/../lib -L/usr/lib/x86_64-linux-gnu -L/usr/lib/../lib -L/usr/lib/gcc/x86_64-linux-gnu/11/../../.. CMakeFiles/cmTC_f070e.dir/CMakeCCompilerABI.c.o -lgcc --push-state --as-needed -lgcc_s --pop-state -lc -lgcc --push-state --as-needed -lgcc_s --pop-state /usr/lib/gcc/x86_64-linux-gnu/11/crtendS.o /usr/lib/gcc/x86_64-linux-gnu/11/../../../x86_64-linux-gnu/crtn.o]
    arg [/usr/lib/gcc/x86_64-linux-gnu/11/collect2] ==> ignore
    arg [-plugin] ==> ignore
    arg [/usr/lib/gcc/x86_64-linux-gnu/11/liblto_plugin.so] ==> ignore
    arg [-plugin-opt=/usr/lib/gcc/x86_64-linux-gnu/11/lto-wrapper] ==> ignore
    arg [-plugin-opt=-fresolution=/tmp/ccfW27xt.res] ==> ignore
    arg [-plugin-opt=-pass-through=-lgcc] ==> ignore
    arg [-plugin-opt=-pass-through=-lgcc_s] ==> ignore
    arg [-plugin-opt=-pass-through=-lc] ==> ignore
    arg [-plugin-opt=-pass-through=-lgcc] ==> ignore
    arg [-plugin-opt=-pass-through=-lgcc_s] ==> ignore
    arg [--build-id] ==> ignore
    arg [--eh-frame-hdr] ==> ignore
    arg [-m] ==> ignore
    arg [elf_x86_64] ==> ignore
    arg [--hash-style=gnu] ==> ignore
    arg [--as-needed] ==> ignore
    arg [-dynamic-linker] ==> ignore
    arg [/lib64/ld-linux-x86-64.so.2] ==> ignore
    arg [-pie] ==> ignore
    arg [-znow] ==> ignore
    arg [-zrelro] ==> ignore
    arg [-o] ==> ignore
    arg [cmTC_f070e] ==> ignore
    arg [/usr/lib/gcc/x86_64-linux-gnu/11/../../../x86_64-linux-gnu/Scrt1.o] ==> obj [/usr/lib/gcc/x86_64-linux-gnu/11/../../../x86_64-linux-gnu/Scrt1.o]
    arg [/usr/lib/gcc/x86_64-linux-gnu/11/../../../x86_64-linux-gnu/crti.o] ==> obj [/usr/lib/gcc/x86_64-linux-gnu/11/../../../x86_64-linux-gnu/crti.o]
    arg [/usr/lib/gcc/x86_64-linux-gnu/11/crtbeginS.o] ==> obj [/usr/lib/gcc/x86_64-linux-gnu/11/crtbeginS.o]
    arg [-L/usr/lib/gcc/x86_64-linux-gnu/11] ==> dir [/usr/lib/gcc/x86_64-linux-gnu/11]
    arg [-L/usr/lib/gcc/x86_64-linux-gnu/11/../../../x86_64-linux-gnu] ==> dir [/usr/lib/gcc/x86_64-linux-gnu/11/../../../x86_64-linux-gnu]
    arg [-L/usr/lib/gcc/x86_64-linux-gnu/11/../../../../lib] ==> dir [/usr/lib/gcc/x86_64-linux-gnu/11/../../../../lib]
    arg [-L/lib/x86_64-linux-gnu] ==> dir [/lib/x86_64-linux-gnu]
    arg [-L/lib/../lib] ==> dir [/lib/../lib]
    arg [-L/usr/lib/x86_64-linux-gnu] ==> dir [/usr/lib/x86_64-linux-gnu]
    arg [-L/usr/lib/../lib] ==> dir [/usr/lib/../lib]
    arg [-L/usr/lib/gcc/x86_64-linux-gnu/11/../../..] ==> dir [/usr/lib/gcc/x86_64-linux-gnu/11/../../..]
    arg [CMakeFiles/cmTC_f070e.dir/CMakeCCompilerABI.c.o] ==> ignore
    arg [-lgcc] ==> lib [gcc]
    arg [--push-state] ==> ignore
    arg [--as-needed] ==> ignore
    arg [-lgcc_s] ==> lib [gcc_s]
    arg [--pop-state] ==> ignore
    arg [-lc] ==> lib [c]
    arg [-lgcc] ==> lib [gcc]
    arg [--push-state] ==> ignore
    arg [--as-needed] ==> ignore
    arg [-lgcc_s] ==> lib [gcc_s]
    arg [--pop-state] ==> ignore
    arg [/usr/lib/gcc/x86_64-linux-gnu/11/crtendS.o] ==> obj [/usr/lib/gcc/x86_64-linux-gnu/11/crtendS.o]
    arg [/usr/lib/gcc/x86_64-linux-gnu/11/../../../x86_64-linux-gnu/crtn.o] ==> obj [/usr/lib/gcc/x86_64-linux-gnu/11/../../../x86_64-linux-gnu/crtn.o]
  collapse obj [/usr/lib/gcc/x86_64-linux-gnu/11/../../../x86_64-linux-gnu/Scrt1.o] ==> [/usr/lib/x86_64-linux-gnu/Scrt1.o]
  collapse obj [/usr/lib/gcc/x86_64-linux-gnu/11/../../../x86_64-linux-gnu/crti.o] ==> [/usr/lib/x86_64-linux-gnu/crti.o]
  collapse obj [/usr/lib/gcc/x86_64-linux-gnu/11/../../../x86_64-linux-gnu/crtn.o] ==> [/usr/lib/x86_64-linux-gnu/crtn.o]
  collapse library dir [/usr/lib/gcc/x86_64-linux-gnu/11] ==> [/usr/lib/gcc/x86_64-linux-gnu/11]
  collapse library dir [/usr/lib/gcc/x86_64-linux-gnu/11/../../../x86_64-linux-gnu] ==> [/usr/lib/x86_64-linux-gnu]
  collapse library dir [/usr/lib/gcc/x86_64-linux-gnu/11/../../../../lib] ==> [/usr/lib]
  collapse library dir [/lib/x86_64-linux-gnu] ==> [/lib/x86_64-linux-gnu]
  collapse library dir [/lib/../lib] ==> [/lib]
  collapse library dir [/usr/lib/x86_64-linux-gnu] ==> [/usr/lib/x86_64-linux-gnu]
  collapse library dir [/usr/lib/../lib] ==> [/usr/lib]
  collapse library dir [/usr/lib/gcc/x86_64-linux-gnu/11/../../..] ==> [/usr/lib]
  implicit libs: [gcc;gcc_s;c;gcc;gcc_s]
  implicit objs: [/usr/lib/x86_64-linux-gnu/Scrt1.o;/usr/lib/x86_64-linux-gnu/crti.o;/usr/lib/gcc/x86_64-linux-gnu/11/crtbeginS.o;/usr/lib/gcc/x86_64-linux-gnu/11/crtendS.o;/usr/lib/x86_64-linux-gnu/crtn.o]
  implicit dirs: [/usr/lib/gcc/x86_64-linux-gnu/11;/usr/lib/x86_64-linux-gnu;/usr/lib;/lib/x86_64-linux-gnu;/lib]
  implicit fwks: []


Detecting CXX compiler ABI info compiled with the following output:
Change Dir: /home/jclee/Development/Matter/WS_Matter/iotivity-lite/build/CMakeFiles/CMakeTmp

Run Build Command(s):/usr/bin/gmake -f Makefile cmTC_80a25/fast && /usr/bin/gmake  -f CMakeFiles/cmTC_80a25.dir/build.make CMakeFiles/cmTC_80a25.dir/build
gmake[1]: Entering directory '/home/jclee/Development/Matter/WS_Matter/iotivity-lite/build/CMakeFiles/CMakeTmp'
Building CXX object CMakeFiles/cmTC_80a25.dir/CMakeCXXCompilerABI.cpp.o
/usr/bin/c++   -v -o CMakeFiles/cmTC_80a25.dir/CMakeCXXCompilerABI.cpp.o -c /usr/share/cmake-3.22/Modules/CMakeCXXCompilerABI.cpp
Using built-in specs.
COLLECT_GCC=/usr/bin/c++
OFFLOAD_TARGET_NAMES=nvptx-none:amdgcn-amdhsa
OFFLOAD_TARGET_DEFAULT=1
Target: x86_64-linux-gnu
Configured with: ../src/configure -v --with-pkgversion='Ubuntu 11.3.0-1ubuntu1~22.04.1' --with-bugurl=file:///usr/share/doc/gcc-11/README.Bugs --enable-languages=c,ada,c++,go,brig,d,fortran,objc,obj-c++,m2 --prefix=/usr --with-gcc-major-version-only --program-suffix=-11 --program-prefix=x86_64-linux-gnu- --enable-shared --enable-linker-build-id --libexecdir=/usr/lib --without-included-gettext --enable-threads=posix --libdir=/usr/lib --enable-nls --enable-bootstrap --enable-clocale=gnu --enable-libstdcxx-debug --enable-libstdcxx-time=yes --with-default-libstdcxx-abi=new --enable-gnu-unique-object --disable-vtable-verify --enable-plugin --enable-default-pie --with-system-zlib --enable-libphobos-checking=release --with-target-system-zlib=auto --enable-objc-gc=auto --enable-multiarch --disable-werror --enable-cet --with-arch-32=i686 --with-abi=m64 --with-multilib-list=m32,m64,mx32 --enable-multilib --with-tune=generic --enable-offload-targets=nvptx-none=/build/gcc-11-aYxV0E/gcc-11-11.3.0/debian/tmp-nvptx/usr,amdgcn-amdhsa=/build/gcc-11-aYxV0E/gcc-11-11.3.0/debian/tmp-gcn/usr --without-cuda-driver --enable-checking=release --build=x86_64-linux-gnu --host=x86_64-linux-gnu --target=x86_64-linux-gnu --with-build-config=bootstrap-lto-lean --enable-link-serialization=2
Thread model: posix
Supported LTO compression algorithms: zlib zstd
gcc version 11.3.0 (Ubuntu 11.3.0-1ubuntu1~22.04.1) 
COLLECT_GCC_OPTIONS='-v' '-o' 'CMakeFiles/cmTC_80a25.dir/CMakeCXXCompilerABI.cpp.o' '-c' '-shared-libgcc' '-mtune=generic' '-march=x86-64' '-dumpdir' 'CMakeFiles/cmTC_80a25.dir/'
 /usr/lib/gcc/x86_64-linux-gnu/11/cc1plus -quiet -v -imultiarch x86_64-linux-gnu -D_GNU_SOURCE /usr/share/cmake-3.22/Modules/CMakeCXXCompilerABI.cpp -quiet -dumpdir CMakeFiles/cmTC_80a25.dir/ -dumpbase CMakeCXXCompilerABI.cpp.cpp -dumpbase-ext .cpp -mtune=generic -march=x86-64 -version -fasynchronous-unwind-tables -fstack-protector-strong -Wformat -Wformat-security -fstack-clash-protection -fcf-protection -o /tmp/ccYbMkGe.s
GNU C++17 (Ubuntu 11.3.0-1ubuntu1~22.04.1) version 11.3.0 (x86_64-linux-gnu)
	compiled by GNU C version 11.3.0, GMP version 6.2.1, MPFR version 4.1.0, MPC version 1.2.1, isl version isl-0.24-GMP

GGC heuristics: --param ggc-min-expand=100 --param ggc-min-heapsize=131072
ignoring duplicate directory "/usr/include/x86_64-linux-gnu/c++/11"
ignoring nonexistent directory "/usr/local/include/x86_64-linux-gnu"
ignoring nonexistent directory "/usr/lib/gcc/x86_64-linux-gnu/11/include-fixed"
ignoring nonexistent directory "/usr/lib/gcc/x86_64-linux-gnu/11/../../../../x86_64-linux-gnu/include"
#include "..." search starts here:
#include <...> search starts here:
 /usr/include/c++/11
 /usr/include/x86_64-linux-gnu/c++/11
 /usr/include/c++/11/backward
 /usr/lib/gcc/x86_64-linux-gnu/11/include
 /usr/local/include
 /usr/include/x86_64-linux-gnu
 /usr/include
End of search list.
GNU C++17 (Ubuntu 11.3.0-1ubuntu1~22.04.1) version 11.3.0 (x86_64-linux-gnu)
	compiled by GNU C version 11.3.0, GMP version 6.2.1, MPFR version 4.1.0, MPC version 1.2.1, isl version isl-0.24-GMP

GGC heuristics: --param ggc-min-expand=100 --param ggc-min-heapsize=131072
Compiler executable checksum: 2b9b53ff7f3a6952e2fe60119c16be53
COLLECT_GCC_OPTIONS='-v' '-o' 'CMakeFiles/cmTC_80a25.dir/CMakeCXXCompilerABI.cpp.o' '-c' '-shared-libgcc' '-mtune=generic' '-march=x86-64' '-dumpdir' 'CMakeFiles/cmTC_80a25.dir/'
 as -v --64 -o CMakeFiles/cmTC_80a25.dir/CMakeCXXCompilerABI.cpp.o /tmp/ccYbMkGe.s
GNU assembler version 2.38 (x86_64-linux-gnu) using BFD version (GNU Binutils for Ubuntu) 2.38
COMPILER_PATH=/usr/lib/gcc/x86_64-linux-gnu/11/:/usr/lib/gcc/x86_64-linux-gnu/11/:/usr/lib/gcc/x86_64-linux-gnu/:/usr/lib/gcc/x86_64-linux-gnu/11/:/usr/lib/gcc/x86_64-linux-gnu/
LIBRARY_PATH=/usr/lib/gcc/x86_64-linux-gnu/11/:/usr/lib/gcc/x86_64-linux-gnu/11/../../../x86_64-linux-gnu/:/usr/lib/gcc/x86_64-linux-gnu/11/../../../../lib/:/lib/x86_64-linux-gnu/:/lib/../lib/:/usr/lib/x86_64-linux-gnu/:/usr/lib/../lib/:/usr/lib/gcc/x86_64-linux-gnu/11/../../../:/lib/:/usr/lib/
COLLECT_GCC_OPTIONS='-v' '-o' 'CMakeFiles/cmTC_80a25.dir/CMakeCXXCompilerABI.cpp.o' '-c' '-shared-libgcc' '-mtune=generic' '-march=x86-64' '-dumpdir' 'CMakeFiles/cmTC_80a25.dir/CMakeCXXCompilerABI.cpp.'
Linking CXX executable cmTC_80a25
/usr/bin/cmake -E cmake_link_script CMakeFiles/cmTC_80a25.dir/link.txt --verbose=1
/usr/bin/c++  -v CMakeFiles/cmTC_80a25.dir/CMakeCXXCompilerABI.cpp.o -o cmTC_80a25 
Using built-in specs.
COLLECT_GCC=/usr/bin/c++
COLLECT_LTO_WRAPPER=/usr/lib/gcc/x86_64-linux-gnu/11/lto-wrapper
OFFLOAD_TARGET_NAMES=nvptx-none:amdgcn-amdhsa
OFFLOAD_TARGET_DEFAULT=1
Target: x86_64-linux-gnu
Configured with: ../src/configure -v --with-pkgversion='Ubuntu 11.3.0-1ubuntu1~22.04.1' --with-bugurl=file:///usr/share/doc/gcc-11/README.Bugs --enable-languages=c,ada,c++,go,brig,d,fortran,objc,obj-c++,m2 --prefix=/usr --with-gcc-major-version-only --program-suffix=-11 --program-prefix=x86_64-linux-gnu- --enable-shared --enable-linker-build-id --libexecdir=/usr/lib --without-included-gettext --enable-threads=posix --libdir=/usr/lib --enable-nls --enable-bootstrap --enable-clocale=gnu --enable-libstdcxx-debug --enable-libstdcxx-time=yes --with-default-libstdcxx-abi=new --enable-gnu-unique-object --disable-vtable-verify --enable-plugin --enable-default-pie --with-system-zlib --enable-libphobos-checking=release --with-target-system-zlib=auto --enable-objc-gc=auto --enable-multiarch --disable-werror --enable-cet --with-arch-32=i686 --with-abi=m64 --with-multilib-list=m32,m64,mx32 --enable-multilib --with-tune=generic --enable-offload-targets=nvptx-none=/build/gcc-11-aYxV0E/gcc-11-11.3.0/debian/tmp-nvptx/usr,amdgcn-amdhsa=/build/gcc-11-aYxV0E/gcc-11-11.3.0/debian/tmp-gcn/usr --without-cuda-driver --enable-checking=release --build=x86_64-linux-gnu --host=x86_64-linux-gnu --target=x86_64-linux-gnu --with-build-config=bootstrap-lto-lean --enable-link-serialization=2
Thread model: posix
Supported LTO compression algorithms: zlib zstd
gcc version 11.3.0 (Ubuntu 11.3.0-1ubuntu1~22.04.1) 
COMPILER_PATH=/usr/lib/gcc/x86_64-linux-gnu/11/:/usr/lib/gcc/x86_64-linux-gnu/11/:/usr/lib/gcc/x86_64-linux-gnu/:/usr/lib/gcc/x86_64-linux-gnu/11/:/usr/lib/gcc/x86_64-linux-gnu/
LIBRARY_PATH=/usr/lib/gcc/x86_64-linux-gnu/11/:/usr/lib/gcc/x86_64-linux-gnu/11/../../../x86_64-linux-gnu/:/usr/lib/gcc/x86_64-linux-gnu/11/../../../../lib/:/lib/x86_64-linux-gnu/:/lib/../lib/:/usr/lib/x86_64-linux-gnu/:/usr/lib/../lib/:/usr/lib/gcc/x86_64-linux-gnu/11/../../../:/lib/:/usr/lib/
COLLECT_GCC_OPTIONS='-v' '-o' 'cmTC_80a25' '-shared-libgcc' '-mtune=generic' '-march=x86-64' '-dumpdir' 'cmTC_80a25.'
 /usr/lib/gcc/x86_64-linux-gnu/11/collect2 -plugin /usr/lib/gcc/x86_64-linux-gnu/11/liblto_plugin.so -plugin-opt=/usr/lib/gcc/x86_64-linux-gnu/11/lto-wrapper -plugin-opt=-fresolution=/tmp/cca8j99O.res -plugin-opt=-pass-through=-lgcc_s -plugin-opt=-pass-through=-lgcc -plugin-opt=-pass-through=-lc -plugin-opt=-pass-through=-lgcc_s -plugin-opt=-pass-through=-lgcc --build-id --eh-frame-hdr -m elf_x86_64 --hash-style=gnu --as-needed -dynamic-linker /lib64/ld-linux-x86-64.so.2 -pie -z now -z relro -o cmTC_80a25 /usr/lib/gcc/x86_64-linux-gnu/11/../../../x86_64-linux-gnu/Scrt1.o /usr/lib/gcc/x86_64-linux-gnu/11/../../../x86_64-linux-gnu/crti.o /usr/lib/gcc/x86_64-linux-gnu/11/crtbeginS.o -L/usr/lib/gcc/x86_64-linux-gnu/11 -L/usr/lib/gcc/x86_64-linux-gnu/11/../../../x86_64-linux-gnu -L/usr/lib/gcc/x86_64-linux-gnu/11/../../../../lib -L/lib/x86_64-linux-gnu -L/lib/../lib -L/usr/lib/x86_64-linux-gnu -L/usr/lib/../lib -L/usr/lib/gcc/x86_64-linux-gnu/11/../../.. CMakeFiles/cmTC_80a25.dir/CMakeCXXCompilerABI.cpp.o -lstdc++ -lm -lgcc_s -lgcc -lc -lgcc_s -lgcc /usr/lib/gcc/x86_64-linux-gnu/11/crtendS.o /usr/lib/gcc/x86_64-linux-gnu/11/../../../x86_64-linux-gnu/crtn.o
COLLECT_GCC_OPTIONS='-v' '-o' 'cmTC_80a25' '-shared-libgcc' '-mtune=generic' '-march=x86-64' '-dumpdir' 'cmTC_80a25.'
gmake[1]: Leaving directory '/home/jclee/Development/Matter/WS_Matter/iotivity-lite/build/CMakeFiles/CMakeTmp'



Parsed CXX implicit include dir info from above output: rv=done
  found start of include info
  found start of implicit include info
    add: [/usr/include/c++/11]
    add: [/usr/include/x86_64-linux-gnu/c++/11]
    add: [/usr/include/c++/11/backward]
    add: [/usr/lib/gcc/x86_64-linux-gnu/11/include]
    add: [/usr/local/include]
    add: [/usr/include/x86_64-linux-gnu]
    add: [/usr/include]
  end of search list found
  collapse include dir [/usr/include/c++/11] ==> [/usr/include/c++/11]
  collapse include dir [/usr/include/x86_64-linux-gnu/c++/11] ==> [/usr/include/x86_64-linux-gnu/c++/11]
  collapse include dir [/usr/include/c++/11/backward] ==> [/usr/include/c++/11/backward]
  collapse include dir [/usr/lib/gcc/x86_64-linux-gnu/11/include] ==> [/usr/lib/gcc/x86_64-linux-gnu/11/include]
  collapse include dir [/usr/local/include] ==> [/usr/local/include]
  collapse include dir [/usr/include/x86_64-linux-gnu] ==> [/usr/include/x86_64-linux-gnu]
  collapse include dir [/usr/include] ==> [/usr/include]
  implicit include dirs: [/usr/include/c++/11;/usr/include/x86_64-linux-gnu/c++/11;/usr/include/c++/11/backward;/usr/lib/gcc/x86_64-linux-gnu/11/include;/usr/local/include;/usr/include/x86_64-linux-gnu;/usr/include]


Parsed CXX implicit link information from above output:
  link line regex: [^( *|.*[/\])(ld|CMAKE_LINK_STARTFILE-NOTFOUND|([^/\]+-)?ld|collect2)[^/\]*( |$)]
  ignore line: [Change Dir: /home/jclee/Development/Matter/WS_Matter/iotivity-lite/build/CMakeFiles/CMakeTmp]
  ignore line: []
  ignore line: [Run Build Command(s):/usr/bin/gmake -f Makefile cmTC_80a25/fast && /usr/bin/gmake  -f CMakeFiles/cmTC_80a25.dir/build.make CMakeFiles/cmTC_80a25.dir/build]
  ignore line: [gmake[1]: Entering directory '/home/jclee/Development/Matter/WS_Matter/iotivity-lite/build/CMakeFiles/CMakeTmp']
  ignore line: [Building CXX object CMakeFiles/cmTC_80a25.dir/CMakeCXXCompilerABI.cpp.o]
  ignore line: [/usr/bin/c++   -v -o CMakeFiles/cmTC_80a25.dir/CMakeCXXCompilerABI.cpp.o -c /usr/share/cmake-3.22/Modules/CMakeCXXCompilerABI.cpp]
  ignore line: [Using built-in specs.]
  ignore line: [COLLECT_GCC=/usr/bin/c++]
  ignore line: [OFFLOAD_TARGET_NAMES=nvptx-none:amdgcn-amdhsa]
  ignore line: [OFFLOAD_TARGET_DEFAULT=1]
  ignore line: [Target: x86_64-linux-gnu]
  ignore line: [Configured with: ../src/configure -v --with-pkgversion='Ubuntu 11.3.0-1ubuntu1~22.04.1' --with-bugurl=file:///usr/share/doc/gcc-11/README.Bugs --enable-languages=c ada c++ go brig d fortran objc obj-c++ m2 --prefix=/usr --with-gcc-major-version-only --program-suffix=-11 --program-prefix=x86_64-linux-gnu- --enable-shared --enable-linker-build-id --libexecdir=/usr/lib --without-included-gettext --enable-threads=posix --libdir=/usr/lib --enable-nls --enable-bootstrap --enable-clocale=gnu --enable-libstdcxx-debug --enable-libstdcxx-time=yes --with-default-libstdcxx-abi=new --enable-gnu-unique-object --disable-vtable-verify --enable-plugin --enable-default-pie --with-system-zlib --enable-libphobos-checking=release --with-target-system-zlib=auto --enable-objc-gc=auto --enable-multiarch --disable-werror --enable-cet --with-arch-32=i686 --with-abi=m64 --with-multilib-list=m32 m64 mx32 --enable-multilib --with-tune=generic --enable-offload-targets=nvptx-none=/build/gcc-11-aYxV0E/gcc-11-11.3.0/debian/tmp-nvptx/usr amdgcn-amdhsa=/build/gcc-11-aYxV0E/gcc-11-11.3.0/debian/tmp-gcn/usr --without-cuda-driver --enable-checking=release --build=x86_64-linux-gnu --host=x86_64-linux-gnu --target=x86_64-linux-gnu --with-build-config=bootstrap-lto-lean --enable-link-serialization=2]
  ignore line: [Thread model: posix]
  ignore line: [Supported LTO compression algorithms: zlib zstd]
  ignore line: [gcc version 11.3.0 (Ubuntu 11.3.0-1ubuntu1~22.04.1) ]
  ignore line: [COLLECT_GCC_OPTIONS='-v' '-o' 'CMakeFiles/cmTC_80a25.dir/CMakeCXXCompilerABI.cpp.o' '-c' '-shared-libgcc' '-mtune=generic' '-march=x86-64' '-dumpdir' 'CMakeFiles/cmTC_80a25.dir/']
  ignore line: [ /usr/lib/gcc/x86_64-linux-gnu/11/cc1plus -quiet -v -imultiarch x86_64-linux-gnu -D_GNU_SOURCE /usr/share/cmake-3.22/Modules/CMakeCXXCompilerABI.cpp -quiet -dumpdir CMakeFiles/cmTC_80a25.dir/ -dumpbase CMakeCXXCompilerABI.cpp.cpp -dumpbase-ext .cpp -mtune=generic -march=x86-64 -version -fasynchronous-unwind-tables -fstack-protector-strong -Wformat -Wformat-security -fstack-clash-protection -fcf-protection -o /tmp/ccYbMkGe.s]
  ignore line: [GNU C++17 (Ubuntu 11.3.0-1ubuntu1~22.04.1) version 11.3.0 (x86_64-linux-gnu)]
  ignore line: [	compiled by GNU C version 11.3.0  GMP version 6.2.1  MPFR version 4.1.0  MPC version 1.2.1  isl version isl-0.24-GMP]
  ignore line: []
  ignore line: [GGC heuristics: --param ggc-min-expand=100 --param ggc-min-heapsize=131072]
  ignore line: [ignoring duplicate directory "/usr/include/x86_64-linux-gnu/c++/11"]
  ignore line: [ignoring nonexistent directory "/usr/local/include/x86_64-linux-gnu"]
  ignore line: [ignoring nonexistent directory "/usr/lib/gcc/x86_64-linux-gnu/11/include-fixed"]
  ignore line: [ignoring nonexistent directory "/usr/lib/gcc/x86_64-linux-gnu/11/../../../../x86_64-linux-gnu/include"]
  ignore line: [#include "..." search starts here:]
  ignore line: [#include <...> search starts here:]
  ignore line: [ /usr/include/c++/11]
  ignore line: [ /usr/include/x86_64-linux-gnu/c++/11]
  ignore line: [ /usr/include/c++/11/backward]
  ignore line: [ /usr/lib/gcc/x86_64-linux-gnu/11/include]
  ignore line: [ /usr/local/include]
  ignore line: [ /usr/include/x86_64-linux-gnu]
  ignore line: [ /usr/include]
  ignore line: [End of search list.]
  ignore line: [GNU C++17 (Ubuntu 11.3.0-1ubuntu1~22.04.1) version 11.3.0 (x86_64-linux-gnu)]
  ignore line: [	compiled by GNU C version 11.3.0  GMP version 6.2.1  MPFR version 4.1.0  MPC version 1.2.1  isl version isl-0.24-GMP]
  ignore line: []
  ignore line: [GGC heuristics: --param ggc-min-expand=100 --param ggc-min-heapsize=131072]
  ignore line: [Compiler executable checksum: 2b9b53ff7f3a6952e2fe60119c16be53]
  ignore line: [COLLECT_GCC_OPTIONS='-v' '-o' 'CMakeFiles/cmTC_80a25.dir/CMakeCXXCompilerABI.cpp.o' '-c' '-shared-libgcc' '-mtune=generic' '-march=x86-64' '-dumpdir' 'CMakeFiles/cmTC_80a25.dir/']
  ignore line: [ as -v --64 -o CMakeFiles/cmTC_80a25.dir/CMakeCXXCompilerABI.cpp.o /tmp/ccYbMkGe.s]
  ignore line: [GNU assembler version 2.38 (x86_64-linux-gnu) using BFD version (GNU Binutils for Ubuntu) 2.38]
  ignore line: [COMPILER_PATH=/usr/lib/gcc/x86_64-linux-gnu/11/:/usr/lib/gcc/x86_64-linux-gnu/11/:/usr/lib/gcc/x86_64-linux-gnu/:/usr/lib/gcc/x86_64-linux-gnu/11/:/usr/lib/gcc/x86_64-linux-gnu/]
  ignore line: [LIBRARY_PATH=/usr/lib/gcc/x86_64-linux-gnu/11/:/usr/lib/gcc/x86_64-linux-gnu/11/../../../x86_64-linux-gnu/:/usr/lib/gcc/x86_64-linux-gnu/11/../../../../lib/:/lib/x86_64-linux-gnu/:/lib/../lib/:/usr/lib/x86_64-linux-gnu/:/usr/lib/../lib/:/usr/lib/gcc/x86_64-linux-gnu/11/../../../:/lib/:/usr/lib/]
  ignore line: [COLLECT_GCC_OPTIONS='-v' '-o' 'CMakeFiles/cmTC_80a25.dir/CMakeCXXCompilerABI.cpp.o' '-c' '-shared-libgcc' '-mtune=generic' '-march=x86-64' '-dumpdir' 'CMakeFiles/cmTC_80a25.dir/CMakeCXXCompilerABI.cpp.']
  ignore line: [Linking CXX executable cmTC_80a25]
  ignore line: [/usr/bin/cmake -E cmake_link_script CMakeFiles/cmTC_80a25.dir/link.txt --verbose=1]
  ignore line: [/usr/bin/c++  -v CMakeFiles/cmTC_80a25.dir/CMakeCXXCompilerABI.cpp.o -o cmTC_80a25 ]
  ignore line: [Using built-in specs.]
  ignore line: [COLLECT_GCC=/usr/bin/c++]
  ignore line: [COLLECT_LTO_WRAPPER=/usr/lib/gcc/x86_64-linux-gnu/11/lto-wrapper]
  ignore line: [OFFLOAD_TARGET_NAMES=nvptx-none:amdgcn-amdhsa]
  ignore line: [OFFLOAD_TARGET_DEFAULT=1]
  ignore line: [Target: x86_64-linux-gnu]
  ignore line: [Configured with: ../src/configure -v --with-pkgversion='Ubuntu 11.3.0-1ubuntu1~22.04.1' --with-bugurl=file:///usr/share/doc/gcc-11/README.Bugs --enable-languages=c ada c++ go brig d fortran objc obj-c++ m2 --prefix=/usr --with-gcc-major-version-only --program-suffix=-11 --program-prefix=x86_64-linux-gnu- --enable-shared --enable-linker-build-id --libexecdir=/usr/lib --without-included-gettext --enable-threads=posix --libdir=/usr/lib --enable-nls --enable-bootstrap --enable-clocale=gnu --enable-libstdcxx-debug --enable-libstdcxx-time=yes --with-default-libstdcxx-abi=new --enable-gnu-unique-object --disable-vtable-verify --enable-plugin --enable-default-pie --with-system-zlib --enable-libphobos-checking=release --with-target-system-zlib=auto --enable-objc-gc=auto --enable-multiarch --disable-werror --enable-cet --with-arch-32=i686 --with-abi=m64 --with-multilib-list=m32 m64 mx32 --enable-multilib --with-tune=generic --enable-offload-targets=nvptx-none=/build/gcc-11-aYxV0E/gcc-11-11.3.0/debian/tmp-nvptx/usr amdgcn-amdhsa=/build/gcc-11-aYxV0E/gcc-11-11.3.0/debian/tmp-gcn/usr --without-cuda-driver --enable-checking=release --build=x86_64-linux-gnu --host=x86_64-linux-gnu --target=x86_64-linux-gnu --with-build-config=bootstrap-lto-lean --enable-link-serialization=2]
  ignore line: [Thread model: posix]
  ignore line: [Supported LTO compression algorithms: zlib zstd]
  ignore line: [gcc version 11.3.0 (Ubuntu 11.3.0-1ubuntu1~22.04.1) ]
  ignore line: [COMPILER_PATH=/usr/lib/gcc/x86_64-linux-gnu/11/:/usr/lib/gcc/x86_64-linux-gnu/11/:/usr/lib/gcc/x86_64-linux-gnu/:/usr/lib/gcc/x86_64-linux-gnu/11/:/usr/lib/gcc/x86_64-linux-gnu/]
  ignore line: [LIBRARY_PATH=/usr/lib/gcc/x86_64-linux-gnu/11/:/usr/lib/gcc/x86_64-linux-gnu/11/../../../x86_64-linux-gnu/:/usr/lib/gcc/x86_64-linux-gnu/11/../../../../lib/:/lib/x86_64-linux-gnu/:/lib/../lib/:/usr/lib/x86_64-linux-gnu/:/usr/lib/../lib/:/usr/lib/gcc/x86_64-linux-gnu/11/../../../:/lib/:/usr/lib/]
  ignore line: [COLLECT_GCC_OPTIONS='-v' '-o' 'cmTC_80a25' '-shared-libgcc' '-mtune=generic' '-march=x86-64' '-dumpdir' 'cmTC_80a25.']
  link line: [ /usr/lib/gcc/x86_64-linux-gnu/11/collect2 -plugin /usr/lib/gcc/x86_64-linux-gnu/11/liblto_plugin.so -plugin-opt=/usr/lib/gcc/x86_64-linux-gnu/11/lto-wrapper -plugin-opt=-fresolution=/tmp/cca8j99O.res -plugin-opt=-pass-through=-lgcc_s -plugin-opt=-pass-through=-lgcc -plugin-opt=-pass-through=-lc -plugin-opt=-pass-through=-lgcc_s -plugin-opt=-pass-through=-lgcc --build-id --eh-frame-hdr -m elf_x86_64 --hash-style=gnu --as-needed -dynamic-linker /lib64/ld-linux-x86-64.so.2 -pie -z now -z relro -o cmTC_80a25 /usr/lib/gcc/x86_64-linux-gnu/11/../../../x86_64-linux-gnu/Scrt1.o /usr/lib/gcc/x86_64-linux-gnu/11/../../../x86_64-linux-gnu/crti.o /usr/lib/gcc/x86_64-linux-gnu/11/crtbeginS.o -L/usr/lib/gcc/x86_64-linux-gnu/11 -L/usr/lib/gcc/x86_64-linux-gnu/11/../../../x86_64-linux-gnu -L/usr/lib/gcc/x86_64-linux-gnu/11/../../../../lib -L/lib/x86_64-linux-gnu -L/lib/../lib -L/usr/lib/x86_64-linux-gnu -L/usr/lib/../lib -L/usr/lib/gcc/x86_64-linux-gnu/11/../../.. CMakeFiles/cmTC_80a25.dir/CMakeCXXCompilerABI.cpp.o -lstdc++ -lm -lgcc_s -lgcc -lc -lgcc_s -lgcc /usr/lib/gcc/x86_64-linux-gnu/11/crtendS.o /usr/lib/gcc/x86_64-linux-gnu/11/../../../x86_64-linux-gnu/crtn.o]
    arg [/usr/lib/gcc/x86_64-linux-gnu/11/collect2] ==> ignore
    arg [-plugin] ==> ignore
    arg [/usr/lib/gcc/x86_64-linux-gnu/11/liblto_plugin.so] ==> ignore
    arg [-plugin-opt=/usr/lib/gcc/x86_64-linux-gnu/11/lto-wrapper] ==> ignore
    arg [-plugin-opt=-fresolution=/tmp/cca8j99O.res] ==> ignore
    arg [-plugin-opt=-pass-through=-lgcc_s] ==> ignore
    arg [-plugin-opt=-pass-through=-lgcc] ==> ignore
    arg [-plugin-opt=-pass-through=-lc] ==> ignore
    arg [-plugin-opt=-pass-through=-lgcc_s] ==> ignore
    arg [-plugin-opt=-pass-through=-lgcc] ==> ignore
    arg [--build-id] ==> ignore
    arg [--eh-frame-hdr] ==> ignore
    arg [-m] ==> ignore
    arg [elf_x86_64] ==> ignore
    arg [--hash-style=gnu] ==> ignore
    arg [--as-needed] ==> ignore
    arg [-dynamic-linker] ==> ignore
    arg [/lib64/ld-linux-x86-64.so.2] ==> ignore
    arg [-pie] ==> ignore
    arg [-znow] ==> ignore
    arg [-zrelro] ==> ignore
    arg [-o] ==> ignore
    arg [cmTC_80a25] ==> ignore
    arg [/usr/lib/gcc/x86_64-linux-gnu/11/../../../x86_64-linux-gnu/Scrt1.o] ==> obj [/usr/lib/gcc/x86_64-linux-gnu/11/../../../x86_64-linux-gnu/Scrt1.o]
    arg [/usr/lib/gcc/x86_64-linux-gnu/11/../../../x86_64-linux-gnu/crti.o] ==> obj [/usr/lib/gcc/x86_64-linux-gnu/11/../../../x86_64-linux-gnu/crti.o]
    arg [/usr/lib/gcc/x86_64-linux-gnu/11/crtbeginS.o] ==> obj [/usr/lib/gcc/x86_64-linux-gnu/11/crtbeginS.o]
    arg [-L/usr/lib/gcc/x86_64-linux-gnu/11] ==> dir [/usr/lib/gcc/x86_64-linux-gnu/11]
    arg [-L/usr/lib/gcc/x86_64-linux-gnu/11/../../../x86_64-linux-gnu] ==> dir [/usr/lib/gcc/x86_64-linux-gnu/11/../../../x86_64-linux-gnu]
    arg [-L/usr/lib/gcc/x86_64-linux-gnu/11/../../../../lib] ==> dir [/usr/lib/gcc/x86_64-linux-gnu/11/../../../../lib]
    arg [-L/lib/x86_64-linux-gnu] ==> dir [/lib/x86_64-linux-gnu]
    arg [-L/lib/../lib] ==> dir [/lib/../lib]
    arg [-L/usr/lib/x86_64-linux-gnu] ==> dir [/usr/lib/x86_64-linux-gnu]
    arg [-L/usr/lib/../lib] ==> dir [/usr/lib/../lib]
    arg [-L/usr/lib/gcc/x86_64-linux-gnu/11/../../..] ==> dir [/usr/lib/gcc/x86_64-linux-gnu/11/../../..]
    arg [CMakeFiles/cmTC_80a25.dir/CMakeCXXCompilerABI.cpp.o] ==> ignore
    arg [-lstdc++] ==> lib [stdc++]
    arg [-lm] ==> lib [m]
    arg [-lgcc_s] ==> lib [gcc_s]
    arg [-lgcc] ==> lib [gcc]
    arg [-lc] ==> lib [c]
    arg [-lgcc_s] ==> lib [gcc_s]
    arg [-lgcc] ==> lib [gcc]
    arg [/usr/lib/gcc/x86_64-linux-gnu/11/crtendS.o] ==> obj [/usr/lib/gcc/x86_64-linux-gnu/11/crtendS.o]
    arg [/usr/lib/gcc/x86_64-linux-gnu/11/../../../x86_64-linux-gnu/crtn.o] ==> obj [/usr/lib/gcc/x86_64-linux-gnu/11/../../../x86_64-linux-gnu/crtn.o]
  collapse obj [/usr/lib/gcc/x86_64-linux-gnu/11/../../../x86_64-linux-gnu/Scrt1.o] ==> [/usr/lib/x86_64-linux-gnu/Scrt1.o]
  collapse obj [/usr/lib/gcc/x86_64-linux-gnu/11/../../../x86_64-linux-gnu/crti.o] ==> [/usr/lib/x86_64-linux-gnu/crti.o]
  collapse obj [/usr/lib/gcc/x86_64-linux-gnu/11/../../../x86_64-linux-gnu/crtn.o] ==> [/usr/lib/x86_64-linux-gnu/crtn.o]
  collapse library dir [/usr/lib/gcc/x86_64-linux-gnu/11] ==> [/usr/lib/gcc/x86_64-linux-gnu/11]
  collapse library dir [/usr/lib/gcc/x86_64-linux-gnu/11/../../../x86_64-linux-gnu] ==> [/usr/lib/x86_64-linux-gnu]
  collapse library dir [/usr/lib/gcc/x86_64-linux-gnu/11/../../../../lib] ==> [/usr/lib]
  collapse library dir [/lib/x86_64-linux-gnu] ==> [/lib/x86_64-linux-gnu]
  collapse library dir [/lib/../lib] ==> [/lib]
  collapse library dir [/usr/lib/x86_64-linux-gnu] ==> [/usr/lib/x86_64-linux-gnu]
  collapse library dir [/usr/lib/../lib] ==> [/usr/lib]
  collapse library dir [/usr/lib/gcc/x86_64-linux-gnu/11/../../..] ==> [/usr/lib]
  implicit libs: [stdc++;m;gcc_s;gcc;c;gcc_s;gcc]
  implicit objs: [/usr/lib/x86_64-linux-gnu/Scrt1.o;/usr/lib/x86_64-linux-gnu/crti.o;/usr/lib/gcc/x86_64-linux-gnu/11/crtbeginS.o;/usr/lib/gcc/x86_64-linux-gnu/11/crtendS.o;/usr/lib/x86_64-linux-gnu/crtn.o]
  implicit dirs: [/usr/lib/gcc/x86_64-linux-gnu/11;/usr/lib/x86_64-linux-gnu;/usr/lib;/lib/x86_64-linux-gnu;/lib]
  implicit fwks: []


Performing C SOURCE FILE Test C_COMPILER_SUPPORTS_WALL succeeded with the following output:
Change Dir: /home/jclee/Development/Matter/WS_Matter/iotivity-lite/build/CMakeFiles/CMakeTmp

Run Build Command(s):/usr/bin/gmake -f Makefile cmTC_ff19b/fast && /usr/bin/gmake  -f CMakeFiles/cmTC_ff19b.dir/build.make CMakeFiles/cmTC_ff19b.dir/build
gmake[1]: Entering directory '/home/jclee/Development/Matter/WS_Matter/iotivity-lite/build/CMakeFiles/CMakeTmp'
Building C object CMakeFiles/cmTC_ff19b.dir/src.c.o
/usr/bin/cc -DC_COMPILER_SUPPORTS_WALL  -fPIE   -Wall -o CMakeFiles/cmTC_ff19b.dir/src.c.o -c /home/jclee/Development/Matter/WS_Matter/iotivity-lite/build/CMakeFiles/CMakeTmp/src.c
Linking C executable cmTC_ff19b
/usr/bin/cmake -E cmake_link_script CMakeFiles/cmTC_ff19b.dir/link.txt --verbose=1
/usr/bin/cc CMakeFiles/cmTC_ff19b.dir/src.c.o -o cmTC_ff19b 
gmake[1]: Leaving directory '/home/jclee/Development/Matter/WS_Matter/iotivity-lite/build/CMakeFiles/CMakeTmp'


Source file was:
int main(void) { return 0; }
Performing C SOURCE FILE Test C_COMPILER_SUPPORTS_WEXTRA succeeded with the following output:
Change Dir: /home/jclee/Development/Matter/WS_Matter/iotivity-lite/build/CMakeFiles/CMakeTmp

Run Build Command(s):/usr/bin/gmake -f Makefile cmTC_15816/fast && /usr/bin/gmake  -f CMakeFiles/cmTC_15816.dir/build.make CMakeFiles/cmTC_15816.dir/build
gmake[1]: Entering directory '/home/jclee/Development/Matter/WS_Matter/iotivity-lite/build/CMakeFiles/CMakeTmp'
Building C object CMakeFiles/cmTC_15816.dir/src.c.o
/usr/bin/cc -DC_COMPILER_SUPPORTS_WEXTRA  -fPIE   -Wextra -o CMakeFiles/cmTC_15816.dir/src.c.o -c /home/jclee/Development/Matter/WS_Matter/iotivity-lite/build/CMakeFiles/CMakeTmp/src.c
Linking C executable cmTC_15816
/usr/bin/cmake -E cmake_link_script CMakeFiles/cmTC_15816.dir/link.txt --verbose=1
/usr/bin/cc CMakeFiles/cmTC_15816.dir/src.c.o -o cmTC_15816 
gmake[1]: Leaving directory '/home/jclee/Development/Matter/WS_Matter/iotivity-lite/build/CMakeFiles/CMakeTmp'


Source file was:
int main(void) { return 0; }
Performing C SOURCE FILE Test C_COMPILER_SUPPORTS_PEDANTIC succeeded with the following output:
Change Dir: /home/jclee/Development/Matter/WS_Matter/iotivity-lite/build/CMakeFiles/CMakeTmp

Run Build Command(s):/usr/bin/gmake -f Makefile cmTC_59856/fast && /usr/bin/gmake  -f CMakeFiles/cmTC_59856.dir/build.make CMakeFiles/cmTC_59856.dir/build
gmake[1]: Entering directory '/home/jclee/Development/Matter/WS_Matter/iotivity-lite/build/CMakeFiles/CMakeTmp'
Building C object CMakeFiles/cmTC_59856.dir/src.c.o
/usr/bin/cc -DC_COMPILER_SUPPORTS_PEDANTIC  -fPIE   -pedantic -o CMakeFiles/cmTC_59856.dir/src.c.o -c /home/jclee/Development/Matter/WS_Matter/iotivity-lite/build/CMakeFiles/CMakeTmp/src.c
Linking C executable cmTC_59856
/usr/bin/cmake -E cmake_link_script CMakeFiles/cmTC_59856.dir/link.txt --verbose=1
/usr/bin/cc CMakeFiles/cmTC_59856.dir/src.c.o -o cmTC_59856 
gmake[1]: Leaving directory '/home/jclee/Development/Matter/WS_Matter/iotivity-lite/build/CMakeFiles/CMakeTmp'


Source file was:
int main(void) { return 0; }
Performing C SOURCE FILE Test C_COMPILER_SUPPORTS_WWRITE_STRINGS succeeded with the following output:
Change Dir: /home/jclee/Development/Matter/WS_Matter/iotivity-lite/build/CMakeFiles/CMakeTmp

Run Build Command(s):/usr/bin/gmake -f Makefile cmTC_44077/fast && /usr/bin/gmake  -f CMakeFiles/cmTC_44077.dir/build.make CMakeFiles/cmTC_44077.dir/build
gmake[1]: Entering directory '/home/jclee/Development/Matter/WS_Matter/iotivity-lite/build/CMakeFiles/CMakeTmp'
Building C object CMakeFiles/cmTC_44077.dir/src.c.o
/usr/bin/cc -DC_COMPILER_SUPPORTS_WWRITE_STRINGS  -fPIE   -Wwrite-strings -o CMakeFiles/cmTC_44077.dir/src.c.o -c /home/jclee/Development/Matter/WS_Matter/iotivity-lite/build/CMakeFiles/CMakeTmp/src.c
Linking C executable cmTC_44077
/usr/bin/cmake -E cmake_link_script CMakeFiles/cmTC_44077.dir/link.txt --verbose=1
/usr/bin/cc CMakeFiles/cmTC_44077.dir/src.c.o -o cmTC_44077 
gmake[1]: Leaving directory '/home/jclee/Development/Matter/WS_Matter/iotivity-lite/build/CMakeFiles/CMakeTmp'


Source file was:
int main(void) { return 0; }
Performing C SOURCE FILE Test C_COMPILER_SUPPORTS_WUNUSED succeeded with the following output:
Change Dir: /home/jclee/Development/Matter/WS_Matter/iotivity-lite/build/CMakeFiles/CMakeTmp

Run Build Command(s):/usr/bin/gmake -f Makefile cmTC_c1720/fast && /usr/bin/gmake  -f CMakeFiles/cmTC_c1720.dir/build.make CMakeFiles/cmTC_c1720.dir/build
gmake[1]: Entering directory '/home/jclee/Development/Matter/WS_Matter/iotivity-lite/build/CMakeFiles/CMakeTmp'
Building C object CMakeFiles/cmTC_c1720.dir/src.c.o
/usr/bin/cc -DC_COMPILER_SUPPORTS_WUNUSED  -fPIE   -Wunused -o CMakeFiles/cmTC_c1720.dir/src.c.o -c /home/jclee/Development/Matter/WS_Matter/iotivity-lite/build/CMakeFiles/CMakeTmp/src.c
Linking C executable cmTC_c1720
/usr/bin/cmake -E cmake_link_script CMakeFiles/cmTC_c1720.dir/link.txt --verbose=1
/usr/bin/cc CMakeFiles/cmTC_c1720.dir/src.c.o -o cmTC_c1720 
gmake[1]: Leaving directory '/home/jclee/Development/Matter/WS_Matter/iotivity-lite/build/CMakeFiles/CMakeTmp'


Source file was:
int main(void) { return 0; }
Performing C SOURCE FILE Test C_COMPILER_SUPPORTS_WUNREACHABLE_CODE succeeded with the following output:
Change Dir: /home/jclee/Development/Matter/WS_Matter/iotivity-lite/build/CMakeFiles/CMakeTmp

Run Build Command(s):/usr/bin/gmake -f Makefile cmTC_d209d/fast && /usr/bin/gmake  -f CMakeFiles/cmTC_d209d.dir/build.make CMakeFiles/cmTC_d209d.dir/build
gmake[1]: Entering directory '/home/jclee/Development/Matter/WS_Matter/iotivity-lite/build/CMakeFiles/CMakeTmp'
Building C object CMakeFiles/cmTC_d209d.dir/src.c.o
/usr/bin/cc -DC_COMPILER_SUPPORTS_WUNREACHABLE_CODE  -fPIE   -Wunreachable-code -o CMakeFiles/cmTC_d209d.dir/src.c.o -c /home/jclee/Development/Matter/WS_Matter/iotivity-lite/build/CMakeFiles/CMakeTmp/src.c
Linking C executable cmTC_d209d
/usr/bin/cmake -E cmake_link_script CMakeFiles/cmTC_d209d.dir/link.txt --verbose=1
/usr/bin/cc CMakeFiles/cmTC_d209d.dir/src.c.o -o cmTC_d209d 
gmake[1]: Leaving directory '/home/jclee/Development/Matter/WS_Matter/iotivity-lite/build/CMakeFiles/CMakeTmp'


Source file was:
int main(void) { return 0; }
Performing C SOURCE FILE Test C_COMPILER_SUPPORTS_WCAST_ALIGN succeeded with the following output:
Change Dir: /home/jclee/Development/Matter/WS_Matter/iotivity-lite/build/CMakeFiles/CMakeTmp

Run Build Command(s):/usr/bin/gmake -f Makefile cmTC_02c04/fast && /usr/bin/gmake  -f CMakeFiles/cmTC_02c04.dir/build.make CMakeFiles/cmTC_02c04.dir/build
gmake[1]: Entering directory '/home/jclee/Development/Matter/WS_Matter/iotivity-lite/build/CMakeFiles/CMakeTmp'
Building C object CMakeFiles/cmTC_02c04.dir/src.c.o
/usr/bin/cc -DC_COMPILER_SUPPORTS_WCAST_ALIGN  -fPIE   -Wcast-align -o CMakeFiles/cmTC_02c04.dir/src.c.o -c /home/jclee/Development/Matter/WS_Matter/iotivity-lite/build/CMakeFiles/CMakeTmp/src.c
Linking C executable cmTC_02c04
/usr/bin/cmake -E cmake_link_script CMakeFiles/cmTC_02c04.dir/link.txt --verbose=1
/usr/bin/cc CMakeFiles/cmTC_02c04.dir/src.c.o -o cmTC_02c04 
gmake[1]: Leaving directory '/home/jclee/Development/Matter/WS_Matter/iotivity-lite/build/CMakeFiles/CMakeTmp'


Source file was:
int main(void) { return 0; }
Performing C SOURCE FILE Test C_COMPILER_SUPPORTS_WPOINTER_ARITH succeeded with the following output:
Change Dir: /home/jclee/Development/Matter/WS_Matter/iotivity-lite/build/CMakeFiles/CMakeTmp

Run Build Command(s):/usr/bin/gmake -f Makefile cmTC_3028c/fast && /usr/bin/gmake  -f CMakeFiles/cmTC_3028c.dir/build.make CMakeFiles/cmTC_3028c.dir/build
gmake[1]: Entering directory '/home/jclee/Development/Matter/WS_Matter/iotivity-lite/build/CMakeFiles/CMakeTmp'
Building C object CMakeFiles/cmTC_3028c.dir/src.c.o
/usr/bin/cc -DC_COMPILER_SUPPORTS_WPOINTER_ARITH  -fPIE   -Wpointer-arith -o CMakeFiles/cmTC_3028c.dir/src.c.o -c /home/jclee/Development/Matter/WS_Matter/iotivity-lite/build/CMakeFiles/CMakeTmp/src.c
Linking C executable cmTC_3028c
/usr/bin/cmake -E cmake_link_script CMakeFiles/cmTC_3028c.dir/link.txt --verbose=1
/usr/bin/cc CMakeFiles/cmTC_3028c.dir/src.c.o -o cmTC_3028c 
gmake[1]: Leaving directory '/home/jclee/Development/Matter/WS_Matter/iotivity-lite/build/CMakeFiles/CMakeTmp'


Source file was:
int main(void) { return 0; }
Performing C SOURCE FILE Test C_COMPILER_SUPPORTS_WMISSING_PROTOTYPES succeeded with the following output:
Change Dir: /home/jclee/Development/Matter/WS_Matter/iotivity-lite/build/CMakeFiles/CMakeTmp

Run Build Command(s):/usr/bin/gmake -f Makefile cmTC_9dcb2/fast && /usr/bin/gmake  -f CMakeFiles/cmTC_9dcb2.dir/build.make CMakeFiles/cmTC_9dcb2.dir/build
gmake[1]: Entering directory '/home/jclee/Development/Matter/WS_Matter/iotivity-lite/build/CMakeFiles/CMakeTmp'
Building C object CMakeFiles/cmTC_9dcb2.dir/src.c.o
/usr/bin/cc -DC_COMPILER_SUPPORTS_WMISSING_PROTOTYPES  -fPIE   -Wmissing-prototypes -o CMakeFiles/cmTC_9dcb2.dir/src.c.o -c /home/jclee/Development/Matter/WS_Matter/iotivity-lite/build/CMakeFiles/CMakeTmp/src.c
Linking C executable cmTC_9dcb2
/usr/bin/cmake -E cmake_link_script CMakeFiles/cmTC_9dcb2.dir/link.txt --verbose=1
/usr/bin/cc CMakeFiles/cmTC_9dcb2.dir/src.c.o -o cmTC_9dcb2 
gmake[1]: Leaving directory '/home/jclee/Development/Matter/WS_Matter/iotivity-lite/build/CMakeFiles/CMakeTmp'


Source file was:
int main(void) { return 0; }
Performing C SOURCE FILE Test C_COMPILER_SUPPORTS_WMISSING_DECLARATIONS succeeded with the following output:
Change Dir: /home/jclee/Development/Matter/WS_Matter/iotivity-lite/build/CMakeFiles/CMakeTmp

Run Build Command(s):/usr/bin/gmake -f Makefile cmTC_20d63/fast && /usr/bin/gmake  -f CMakeFiles/cmTC_20d63.dir/build.make CMakeFiles/cmTC_20d63.dir/build
gmake[1]: Entering directory '/home/jclee/Development/Matter/WS_Matter/iotivity-lite/build/CMakeFiles/CMakeTmp'
Building C object CMakeFiles/cmTC_20d63.dir/src.c.o
/usr/bin/cc -DC_COMPILER_SUPPORTS_WMISSING_DECLARATIONS  -fPIE   -Wmissing-declarations -o CMakeFiles/cmTC_20d63.dir/src.c.o -c /home/jclee/Development/Matter/WS_Matter/iotivity-lite/build/CMakeFiles/CMakeTmp/src.c
Linking C executable cmTC_20d63
/usr/bin/cmake -E cmake_link_script CMakeFiles/cmTC_20d63.dir/link.txt --verbose=1
/usr/bin/cc CMakeFiles/cmTC_20d63.dir/src.c.o -o cmTC_20d63 
gmake[1]: Leaving directory '/home/jclee/Development/Matter/WS_Matter/iotivity-lite/build/CMakeFiles/CMakeTmp'


Source file was:
int main(void) { return 0; }
Performing C SOURCE FILE Test C_COMPILER_SUPPORTS_WSTRICT_PROTOTYPES succeeded with the following output:
Change Dir: /home/jclee/Development/Matter/WS_Matter/iotivity-lite/build/CMakeFiles/CMakeTmp

Run Build Command(s):/usr/bin/gmake -f Makefile cmTC_90b14/fast && /usr/bin/gmake  -f CMakeFiles/cmTC_90b14.dir/build.make CMakeFiles/cmTC_90b14.dir/build
gmake[1]: Entering directory '/home/jclee/Development/Matter/WS_Matter/iotivity-lite/build/CMakeFiles/CMakeTmp'
Building C object CMakeFiles/cmTC_90b14.dir/src.c.o
/usr/bin/cc -DC_COMPILER_SUPPORTS_WSTRICT_PROTOTYPES  -fPIE   -Wstrict-prototypes -o CMakeFiles/cmTC_90b14.dir/src.c.o -c /home/jclee/Development/Matter/WS_Matter/iotivity-lite/build/CMakeFiles/CMakeTmp/src.c
Linking C executable cmTC_90b14
/usr/bin/cmake -E cmake_link_script CMakeFiles/cmTC_90b14.dir/link.txt --verbose=1
/usr/bin/cc CMakeFiles/cmTC_90b14.dir/src.c.o -o cmTC_90b14 
gmake[1]: Leaving directory '/home/jclee/Development/Matter/WS_Matter/iotivity-lite/build/CMakeFiles/CMakeTmp'


Source file was:
int main(void) { return 0; }
Performing C SOURCE FILE Test C_COMPILER_SUPPORTS_FNO_COMMON succeeded with the following output:
Change Dir: /home/jclee/Development/Matter/WS_Matter/iotivity-lite/build/CMakeFiles/CMakeTmp

Run Build Command(s):/usr/bin/gmake -f Makefile cmTC_9c6b6/fast && /usr/bin/gmake  -f CMakeFiles/cmTC_9c6b6.dir/build.make CMakeFiles/cmTC_9c6b6.dir/build
gmake[1]: Entering directory '/home/jclee/Development/Matter/WS_Matter/iotivity-lite/build/CMakeFiles/CMakeTmp'
Building C object CMakeFiles/cmTC_9c6b6.dir/src.c.o
/usr/bin/cc -DC_COMPILER_SUPPORTS_FNO_COMMON  -fPIE   -fno-common -o CMakeFiles/cmTC_9c6b6.dir/src.c.o -c /home/jclee/Development/Matter/WS_Matter/iotivity-lite/build/CMakeFiles/CMakeTmp/src.c
Linking C executable cmTC_9c6b6
/usr/bin/cmake -E cmake_link_script CMakeFiles/cmTC_9c6b6.dir/link.txt --verbose=1
/usr/bin/cc CMakeFiles/cmTC_9c6b6.dir/src.c.o -o cmTC_9c6b6 
gmake[1]: Leaving directory '/home/jclee/Development/Matter/WS_Matter/iotivity-lite/build/CMakeFiles/CMakeTmp'


Source file was:
int main(void) { return 0; }
Performing C++ SOURCE FILE Test CXX_COMPILER_SUPPORTS_WALL succeeded with the following output:
Change Dir: /home/jclee/Development/Matter/WS_Matter/iotivity-lite/build/CMakeFiles/CMakeTmp

Run Build Command(s):/usr/bin/gmake -f Makefile cmTC_03cc6/fast && /usr/bin/gmake  -f CMakeFiles/cmTC_03cc6.dir/build.make CMakeFiles/cmTC_03cc6.dir/build
gmake[1]: Entering directory '/home/jclee/Development/Matter/WS_Matter/iotivity-lite/build/CMakeFiles/CMakeTmp'
Building CXX object CMakeFiles/cmTC_03cc6.dir/src.cxx.o
/usr/bin/c++ -DCXX_COMPILER_SUPPORTS_WALL  -fPIE   -Wall -o CMakeFiles/cmTC_03cc6.dir/src.cxx.o -c /home/jclee/Development/Matter/WS_Matter/iotivity-lite/build/CMakeFiles/CMakeTmp/src.cxx
Linking CXX executable cmTC_03cc6
/usr/bin/cmake -E cmake_link_script CMakeFiles/cmTC_03cc6.dir/link.txt --verbose=1
/usr/bin/c++ CMakeFiles/cmTC_03cc6.dir/src.cxx.o -o cmTC_03cc6 
gmake[1]: Leaving directory '/home/jclee/Development/Matter/WS_Matter/iotivity-lite/build/CMakeFiles/CMakeTmp'


Source file was:
int main() { return 0; }
Performing C++ SOURCE FILE Test CXX_COMPILER_SUPPORTS_WEXTRA succeeded with the following output:
Change Dir: /home/jclee/Development/Matter/WS_Matter/iotivity-lite/build/CMakeFiles/CMakeTmp

Run Build Command(s):/usr/bin/gmake -f Makefile cmTC_43c2a/fast && /usr/bin/gmake  -f CMakeFiles/cmTC_43c2a.dir/build.make CMakeFiles/cmTC_43c2a.dir/build
gmake[1]: Entering directory '/home/jclee/Development/Matter/WS_Matter/iotivity-lite/build/CMakeFiles/CMakeTmp'
Building CXX object CMakeFiles/cmTC_43c2a.dir/src.cxx.o
/usr/bin/c++ -DCXX_COMPILER_SUPPORTS_WEXTRA  -fPIE   -Wextra -o CMakeFiles/cmTC_43c2a.dir/src.cxx.o -c /home/jclee/Development/Matter/WS_Matter/iotivity-lite/build/CMakeFiles/CMakeTmp/src.cxx
Linking CXX executable cmTC_43c2a
/usr/bin/cmake -E cmake_link_script CMakeFiles/cmTC_43c2a.dir/link.txt --verbose=1
/usr/bin/c++ CMakeFiles/cmTC_43c2a.dir/src.cxx.o -o cmTC_43c2a 
gmake[1]: Leaving directory '/home/jclee/Development/Matter/WS_Matter/iotivity-lite/build/CMakeFiles/CMakeTmp'


Source file was:
int main() { return 0; }
Performing C++ SOURCE FILE Test CXX_COMPILER_SUPPORTS_PEDANTIC succeeded with the following output:
Change Dir: /home/jclee/Development/Matter/WS_Matter/iotivity-lite/build/CMakeFiles/CMakeTmp

Run Build Command(s):/usr/bin/gmake -f Makefile cmTC_905af/fast && /usr/bin/gmake  -f CMakeFiles/cmTC_905af.dir/build.make CMakeFiles/cmTC_905af.dir/build
gmake[1]: Entering directory '/home/jclee/Development/Matter/WS_Matter/iotivity-lite/build/CMakeFiles/CMakeTmp'
Building CXX object CMakeFiles/cmTC_905af.dir/src.cxx.o
/usr/bin/c++ -DCXX_COMPILER_SUPPORTS_PEDANTIC  -fPIE   -pedantic -o CMakeFiles/cmTC_905af.dir/src.cxx.o -c /home/jclee/Development/Matter/WS_Matter/iotivity-lite/build/CMakeFiles/CMakeTmp/src.cxx
Linking CXX executable cmTC_905af
/usr/bin/cmake -E cmake_link_script CMakeFiles/cmTC_905af.dir/link.txt --verbose=1
/usr/bin/c++ CMakeFiles/cmTC_905af.dir/src.cxx.o -o cmTC_905af 
gmake[1]: Leaving directory '/home/jclee/Development/Matter/WS_Matter/iotivity-lite/build/CMakeFiles/CMakeTmp'


Source file was:
int main() { return 0; }
Performing C++ SOURCE FILE Test CXX_COMPILER_SUPPORTS_WWRITE_STRINGS succeeded with the following output:
Change Dir: /home/jclee/Development/Matter/WS_Matter/iotivity-lite/build/CMakeFiles/CMakeTmp

Run Build Command(s):/usr/bin/gmake -f Makefile cmTC_f1eb2/fast && /usr/bin/gmake  -f CMakeFiles/cmTC_f1eb2.dir/build.make CMakeFiles/cmTC_f1eb2.dir/build
gmake[1]: Entering directory '/home/jclee/Development/Matter/WS_Matter/iotivity-lite/build/CMakeFiles/CMakeTmp'
Building CXX object CMakeFiles/cmTC_f1eb2.dir/src.cxx.o
/usr/bin/c++ -DCXX_COMPILER_SUPPORTS_WWRITE_STRINGS  -fPIE   -Wwrite-strings -o CMakeFiles/cmTC_f1eb2.dir/src.cxx.o -c /home/jclee/Development/Matter/WS_Matter/iotivity-lite/build/CMakeFiles/CMakeTmp/src.cxx
Linking CXX executable cmTC_f1eb2
/usr/bin/cmake -E cmake_link_script CMakeFiles/cmTC_f1eb2.dir/link.txt --verbose=1
/usr/bin/c++ CMakeFiles/cmTC_f1eb2.dir/src.cxx.o -o cmTC_f1eb2 
gmake[1]: Leaving directory '/home/jclee/Development/Matter/WS_Matter/iotivity-lite/build/CMakeFiles/CMakeTmp'


Source file was:
int main() { return 0; }
Performing C++ SOURCE FILE Test CXX_COMPILER_SUPPORTS_WUNUSED succeeded with the following output:
Change Dir: /home/jclee/Development/Matter/WS_Matter/iotivity-lite/build/CMakeFiles/CMakeTmp

Run Build Command(s):/usr/bin/gmake -f Makefile cmTC_1b1a2/fast && /usr/bin/gmake  -f CMakeFiles/cmTC_1b1a2.dir/build.make CMakeFiles/cmTC_1b1a2.dir/build
gmake[1]: Entering directory '/home/jclee/Development/Matter/WS_Matter/iotivity-lite/build/CMakeFiles/CMakeTmp'
Building CXX object CMakeFiles/cmTC_1b1a2.dir/src.cxx.o
/usr/bin/c++ -DCXX_COMPILER_SUPPORTS_WUNUSED  -fPIE   -Wunused -o CMakeFiles/cmTC_1b1a2.dir/src.cxx.o -c /home/jclee/Development/Matter/WS_Matter/iotivity-lite/build/CMakeFiles/CMakeTmp/src.cxx
Linking CXX executable cmTC_1b1a2
/usr/bin/cmake -E cmake_link_script CMakeFiles/cmTC_1b1a2.dir/link.txt --verbose=1
/usr/bin/c++ CMakeFiles/cmTC_1b1a2.dir/src.cxx.o -o cmTC_1b1a2 
gmake[1]: Leaving directory '/home/jclee/Development/Matter/WS_Matter/iotivity-lite/build/CMakeFiles/CMakeTmp'


Source file was:
int main() { return 0; }
Performing C++ SOURCE FILE Test CXX_COMPILER_SUPPORTS_WUNREACHABLE_CODE succeeded with the following output:
Change Dir: /home/jclee/Development/Matter/WS_Matter/iotivity-lite/build/CMakeFiles/CMakeTmp

Run Build Command(s):/usr/bin/gmake -f Makefile cmTC_d0dac/fast && /usr/bin/gmake  -f CMakeFiles/cmTC_d0dac.dir/build.make CMakeFiles/cmTC_d0dac.dir/build
gmake[1]: Entering directory '/home/jclee/Development/Matter/WS_Matter/iotivity-lite/build/CMakeFiles/CMakeTmp'
Building CXX object CMakeFiles/cmTC_d0dac.dir/src.cxx.o
/usr/bin/c++ -DCXX_COMPILER_SUPPORTS_WUNREACHABLE_CODE  -fPIE   -Wunreachable-code -o CMakeFiles/cmTC_d0dac.dir/src.cxx.o -c /home/jclee/Development/Matter/WS_Matter/iotivity-lite/build/CMakeFiles/CMakeTmp/src.cxx
Linking CXX executable cmTC_d0dac
/usr/bin/cmake -E cmake_link_script CMakeFiles/cmTC_d0dac.dir/link.txt --verbose=1
/usr/bin/c++ CMakeFiles/cmTC_d0dac.dir/src.cxx.o -o cmTC_d0dac 
gmake[1]: Leaving directory '/home/jclee/Development/Matter/WS_Matter/iotivity-lite/build/CMakeFiles/CMakeTmp'


Source file was:
int main() { return 0; }
Performing C++ SOURCE FILE Test CXX_COMPILER_SUPPORTS_WCAST_ALIGN succeeded with the following output:
Change Dir: /home/jclee/Development/Matter/WS_Matter/iotivity-lite/build/CMakeFiles/CMakeTmp

Run Build Command(s):/usr/bin/gmake -f Makefile cmTC_e0586/fast && /usr/bin/gmake  -f CMakeFiles/cmTC_e0586.dir/build.make CMakeFiles/cmTC_e0586.dir/build
gmake[1]: Entering directory '/home/jclee/Development/Matter/WS_Matter/iotivity-lite/build/CMakeFiles/CMakeTmp'
Building CXX object CMakeFiles/cmTC_e0586.dir/src.cxx.o
/usr/bin/c++ -DCXX_COMPILER_SUPPORTS_WCAST_ALIGN  -fPIE   -Wcast-align -o CMakeFiles/cmTC_e0586.dir/src.cxx.o -c /home/jclee/Development/Matter/WS_Matter/iotivity-lite/build/CMakeFiles/CMakeTmp/src.cxx
Linking CXX executable cmTC_e0586
/usr/bin/cmake -E cmake_link_script CMakeFiles/cmTC_e0586.dir/link.txt --verbose=1
/usr/bin/c++ CMakeFiles/cmTC_e0586.dir/src.cxx.o -o cmTC_e0586 
gmake[1]: Leaving directory '/home/jclee/Development/Matter/WS_Matter/iotivity-lite/build/CMakeFiles/CMakeTmp'


Source file was:
int main() { return 0; }
Performing C++ SOURCE FILE Test CXX_COMPILER_SUPPORTS_WPOINTER_ARITH succeeded with the following output:
Change Dir: /home/jclee/Development/Matter/WS_Matter/iotivity-lite/build/CMakeFiles/CMakeTmp

Run Build Command(s):/usr/bin/gmake -f Makefile cmTC_42e9e/fast && /usr/bin/gmake  -f CMakeFiles/cmTC_42e9e.dir/build.make CMakeFiles/cmTC_42e9e.dir/build
gmake[1]: Entering directory '/home/jclee/Development/Matter/WS_Matter/iotivity-lite/build/CMakeFiles/CMakeTmp'
Building CXX object CMakeFiles/cmTC_42e9e.dir/src.cxx.o
/usr/bin/c++ -DCXX_COMPILER_SUPPORTS_WPOINTER_ARITH  -fPIE   -Wpointer-arith -o CMakeFiles/cmTC_42e9e.dir/src.cxx.o -c /home/jclee/Development/Matter/WS_Matter/iotivity-lite/build/CMakeFiles/CMakeTmp/src.cxx
Linking CXX executable cmTC_42e9e
/usr/bin/cmake -E cmake_link_script CMakeFiles/cmTC_42e9e.dir/link.txt --verbose=1
/usr/bin/c++ CMakeFiles/cmTC_42e9e.dir/src.cxx.o -o cmTC_42e9e 
gmake[1]: Leaving directory '/home/jclee/Development/Matter/WS_Matter/iotivity-lite/build/CMakeFiles/CMakeTmp'


Source file was:
int main() { return 0; }
Performing C++ SOURCE FILE Test CXX_COMPILER_SUPPORTS_WMISSING_DECLARATIONS succeeded with the following output:
Change Dir: /home/jclee/Development/Matter/WS_Matter/iotivity-lite/build/CMakeFiles/CMakeTmp

Run Build Command(s):/usr/bin/gmake -f Makefile cmTC_d6bbd/fast && /usr/bin/gmake  -f CMakeFiles/cmTC_d6bbd.dir/build.make CMakeFiles/cmTC_d6bbd.dir/build
gmake[1]: Entering directory '/home/jclee/Development/Matter/WS_Matter/iotivity-lite/build/CMakeFiles/CMakeTmp'
Building CXX object CMakeFiles/cmTC_d6bbd.dir/src.cxx.o
/usr/bin/c++ -DCXX_COMPILER_SUPPORTS_WMISSING_DECLARATIONS  -fPIE   -Wmissing-declarations -o CMakeFiles/cmTC_d6bbd.dir/src.cxx.o -c /home/jclee/Development/Matter/WS_Matter/iotivity-lite/build/CMakeFiles/CMakeTmp/src.cxx
Linking CXX executable cmTC_d6bbd
/usr/bin/cmake -E cmake_link_script CMakeFiles/cmTC_d6bbd.dir/link.txt --verbose=1
/usr/bin/c++ CMakeFiles/cmTC_d6bbd.dir/src.cxx.o -o cmTC_d6bbd 
gmake[1]: Leaving directory '/home/jclee/Development/Matter/WS_Matter/iotivity-lite/build/CMakeFiles/CMakeTmp'


Source file was:
int main() { return 0; }
Performing C++ SOURCE FILE Test CXX_COMPILER_SUPPORTS_FNO_COMMON succeeded with the following output:
Change Dir: /home/jclee/Development/Matter/WS_Matter/iotivity-lite/build/CMakeFiles/CMakeTmp

Run Build Command(s):/usr/bin/gmake -f Makefile cmTC_f89e7/fast && /usr/bin/gmake  -f CMakeFiles/cmTC_f89e7.dir/build.make CMakeFiles/cmTC_f89e7.dir/build
gmake[1]: Entering directory '/home/jclee/Development/Matter/WS_Matter/iotivity-lite/build/CMakeFiles/CMakeTmp'
Building CXX object CMakeFiles/cmTC_f89e7.dir/src.cxx.o
/usr/bin/c++ -DCXX_COMPILER_SUPPORTS_FNO_COMMON  -fPIE   -fno-common -o CMakeFiles/cmTC_f89e7.dir/src.cxx.o -c /home/jclee/Development/Matter/WS_Matter/iotivity-lite/build/CMakeFiles/CMakeTmp/src.cxx
Linking CXX executable cmTC_f89e7
/usr/bin/cmake -E cmake_link_script CMakeFiles/cmTC_f89e7.dir/link.txt --verbose=1
/usr/bin/c++ CMakeFiles/cmTC_f89e7.dir/src.cxx.o -o cmTC_f89e7 
gmake[1]: Leaving directory '/home/jclee/Development/Matter/WS_Matter/iotivity-lite/build/CMakeFiles/CMakeTmp'


Source file was:
int main() { return 0; }
Performing C++ SOURCE FILE Test CXX_COMPILER_SUPPORTS_WUSELESS_CAST succeeded with the following output:
Change Dir: /home/jclee/Development/Matter/WS_Matter/iotivity-lite/build/CMakeFiles/CMakeTmp

Run Build Command(s):/usr/bin/gmake -f Makefile cmTC_3c4d3/fast && /usr/bin/gmake  -f CMakeFiles/cmTC_3c4d3.dir/build.make CMakeFiles/cmTC_3c4d3.dir/build
gmake[1]: Entering directory '/home/jclee/Development/Matter/WS_Matter/iotivity-lite/build/CMakeFiles/CMakeTmp'
Building CXX object CMakeFiles/cmTC_3c4d3.dir/src.cxx.o
/usr/bin/c++ -DCXX_COMPILER_SUPPORTS_WUSELESS_CAST  -fPIE   -Wuseless-cast -o CMakeFiles/cmTC_3c4d3.dir/src.cxx.o -c /home/jclee/Development/Matter/WS_Matter/iotivity-lite/build/CMakeFiles/CMakeTmp/src.cxx
Linking CXX executable cmTC_3c4d3
/usr/bin/cmake -E cmake_link_script CMakeFiles/cmTC_3c4d3.dir/link.txt --verbose=1
/usr/bin/c++ CMakeFiles/cmTC_3c4d3.dir/src.cxx.o -o cmTC_3c4d3 
gmake[1]: Leaving directory '/home/jclee/Development/Matter/WS_Matter/iotivity-lite/build/CMakeFiles/CMakeTmp'


Source file was:
int main() { return 0; }
Performing C++ SOURCE FILE Test CXX_COMPILER_SUPPORTS_WNO_ERROR_USELESS_CAST succeeded with the following output:
Change Dir: /home/jclee/Development/Matter/WS_Matter/iotivity-lite/build/CMakeFiles/CMakeTmp

Run Build Command(s):/usr/bin/gmake -f Makefile cmTC_da5c2/fast && /usr/bin/gmake  -f CMakeFiles/cmTC_da5c2.dir/build.make CMakeFiles/cmTC_da5c2.dir/build
gmake[1]: Entering directory '/home/jclee/Development/Matter/WS_Matter/iotivity-lite/build/CMakeFiles/CMakeTmp'
Building CXX object CMakeFiles/cmTC_da5c2.dir/src.cxx.o
/usr/bin/c++ -DCXX_COMPILER_SUPPORTS_WNO_ERROR_USELESS_CAST  -fPIE   -Wno-error=useless-cast -o CMakeFiles/cmTC_da5c2.dir/src.cxx.o -c /home/jclee/Development/Matter/WS_Matter/iotivity-lite/build/CMakeFiles/CMakeTmp/src.cxx
Linking CXX executable cmTC_da5c2
/usr/bin/cmake -E cmake_link_script CMakeFiles/cmTC_da5c2.dir/link.txt --verbose=1
/usr/bin/c++ CMakeFiles/cmTC_da5c2.dir/src.cxx.o -o cmTC_da5c2 
gmake[1]: Leaving directory '/home/jclee/Development/Matter/WS_Matter/iotivity-lite/build/CMakeFiles/CMakeTmp'


Source file was:
int main() { return 0; }
Performing C SOURCE FILE Test C_COMPILER_SUPPORTS_WNO_ERROR_CAST_ALIGN succeeded with the following output:
Change Dir: /home/jclee/Development/Matter/WS_Matter/iotivity-lite/build/CMakeFiles/CMakeTmp

Run Build Command(s):/usr/bin/gmake -f Makefile cmTC_176e0/fast && /usr/bin/gmake  -f CMakeFiles/cmTC_176e0.dir/build.make CMakeFiles/cmTC_176e0.dir/build
gmake[1]: Entering directory '/home/jclee/Development/Matter/WS_Matter/iotivity-lite/build/CMakeFiles/CMakeTmp'
Building C object CMakeFiles/cmTC_176e0.dir/src.c.o
/usr/bin/cc -DC_COMPILER_SUPPORTS_WNO_ERROR_CAST_ALIGN  -fPIE   -Wno-error=cast-align -o CMakeFiles/cmTC_176e0.dir/src.c.o -c /home/jclee/Development/Matter/WS_Matter/iotivity-lite/build/CMakeFiles/CMakeTmp/src.c
Linking C executable cmTC_176e0
/usr/bin/cmake -E cmake_link_script CMakeFiles/cmTC_176e0.dir/link.txt --verbose=1
/usr/bin/cc CMakeFiles/cmTC_176e0.dir/src.c.o -o cmTC_176e0 
gmake[1]: Leaving directory '/home/jclee/Development/Matter/WS_Matter/iotivity-lite/build/CMakeFiles/CMakeTmp'


Source file was:
int main(void) { return 0; }
Performing C SOURCE FILE Test C_COMPILER_SUPPORTS_WNO_ERROR_DEPRECATED_DECLARATIONS succeeded with the following output:
Change Dir: /home/jclee/Development/Matter/WS_Matter/iotivity-lite/build/CMakeFiles/CMakeTmp

Run Build Command(s):/usr/bin/gmake -f Makefile cmTC_b7eba/fast && /usr/bin/gmake  -f CMakeFiles/cmTC_b7eba.dir/build.make CMakeFiles/cmTC_b7eba.dir/build
gmake[1]: Entering directory '/home/jclee/Development/Matter/WS_Matter/iotivity-lite/build/CMakeFiles/CMakeTmp'
Building C object CMakeFiles/cmTC_b7eba.dir/src.c.o
/usr/bin/cc -DC_COMPILER_SUPPORTS_WNO_ERROR_DEPRECATED_DECLARATIONS  -fPIE   -Wno-error=deprecated-declarations -o CMakeFiles/cmTC_b7eba.dir/src.c.o -c /home/jclee/Development/Matter/WS_Matter/iotivity-lite/build/CMakeFiles/CMakeTmp/src.c
Linking C executable cmTC_b7eba
/usr/bin/cmake -E cmake_link_script CMakeFiles/cmTC_b7eba.dir/link.txt --verbose=1
/usr/bin/cc CMakeFiles/cmTC_b7eba.dir/src.c.o -o cmTC_b7eba 
gmake[1]: Leaving directory '/home/jclee/Development/Matter/WS_Matter/iotivity-lite/build/CMakeFiles/CMakeTmp'


Source file was:
int main(void) { return 0; }
Performing C++ SOURCE FILE Test CXX_COMPILER_SUPPORTS_WNO_ERROR_CAST_ALIGN succeeded with the following output:
Change Dir: /home/jclee/Development/Matter/WS_Matter/iotivity-lite/build/CMakeFiles/CMakeTmp

Run Build Command(s):/usr/bin/gmake -f Makefile cmTC_1d934/fast && /usr/bin/gmake  -f CMakeFiles/cmTC_1d934.dir/build.make CMakeFiles/cmTC_1d934.dir/build
gmake[1]: Entering directory '/home/jclee/Development/Matter/WS_Matter/iotivity-lite/build/CMakeFiles/CMakeTmp'
Building CXX object CMakeFiles/cmTC_1d934.dir/src.cxx.o
/usr/bin/c++ -DCXX_COMPILER_SUPPORTS_WNO_ERROR_CAST_ALIGN  -fPIE   -Wno-error=cast-align -o CMakeFiles/cmTC_1d934.dir/src.cxx.o -c /home/jclee/Development/Matter/WS_Matter/iotivity-lite/build/CMakeFiles/CMakeTmp/src.cxx
Linking CXX executable cmTC_1d934
/usr/bin/cmake -E cmake_link_script CMakeFiles/cmTC_1d934.dir/link.txt --verbose=1
/usr/bin/c++ CMakeFiles/cmTC_1d934.dir/src.cxx.o -o cmTC_1d934 
gmake[1]: Leaving directory '/home/jclee/Development/Matter/WS_Matter/iotivity-lite/build/CMakeFiles/CMakeTmp'


Source file was:
int main() { return 0; }
Performing C++ SOURCE FILE Test CXX_COMPILER_SUPPORTS_WNO_ERROR_DEPRECATED_DECLARATIONS succeeded with the following output:
Change Dir: /home/jclee/Development/Matter/WS_Matter/iotivity-lite/build/CMakeFiles/CMakeTmp

Run Build Command(s):/usr/bin/gmake -f Makefile cmTC_87f2e/fast && /usr/bin/gmake  -f CMakeFiles/cmTC_87f2e.dir/build.make CMakeFiles/cmTC_87f2e.dir/build
gmake[1]: Entering directory '/home/jclee/Development/Matter/WS_Matter/iotivity-lite/build/CMakeFiles/CMakeTmp'
Building CXX object CMakeFiles/cmTC_87f2e.dir/src.cxx.o
/usr/bin/c++ -DCXX_COMPILER_SUPPORTS_WNO_ERROR_DEPRECATED_DECLARATIONS  -fPIE   -Wno-error=deprecated-declarations -o CMakeFiles/cmTC_87f2e.dir/src.cxx.o -c /home/jclee/Development/Matter/WS_Matter/iotivity-lite/build/CMakeFiles/CMakeTmp/src.cxx
Linking CXX executable cmTC_87f2e
/usr/bin/cmake -E cmake_link_script CMakeFiles/cmTC_87f2e.dir/link.txt --verbose=1
/usr/bin/c++ CMakeFiles/cmTC_87f2e.dir/src.cxx.o -o cmTC_87f2e 
gmake[1]: Leaving directory '/home/jclee/Development/Matter/WS_Matter/iotivity-lite/build/CMakeFiles/CMakeTmp'


Source file was:
int main() { return 0; }
Determining if the function ceil exists in the m passed with the following output:
Change Dir: /home/jclee/Development/Matter/WS_Matter/iotivity-lite/build/CMakeFiles/CMakeTmp

Run Build Command(s):/usr/bin/gmake -f Makefile cmTC_26522/fast && /usr/bin/gmake  -f CMakeFiles/cmTC_26522.dir/build.make CMakeFiles/cmTC_26522.dir/build
gmake[1]: Entering directory '/home/jclee/Development/Matter/WS_Matter/iotivity-lite/build/CMakeFiles/CMakeTmp'
Building C object CMakeFiles/cmTC_26522.dir/CheckFunctionExists.c.o
/usr/bin/cc   -DCHECK_FUNCTION_EXISTS=ceil -fPIE -o CMakeFiles/cmTC_26522.dir/CheckFunctionExists.c.o -c /usr/share/cmake-3.22/Modules/CheckFunctionExists.c
<command-line>: warning: conflicting types for built-in function ceil; expected double(double) [-Wbuiltin-declaration-mismatch]
/usr/share/cmake-3.22/Modules/CheckFunctionExists.c:7:3: note: in expansion of macro CHECK_FUNCTION_EXISTS
    7 |   CHECK_FUNCTION_EXISTS(void);
      |   ^~~~~~~~~~~~~~~~~~~~~
/usr/share/cmake-3.22/Modules/CheckFunctionExists.c:1:1: note: ceil is declared in header <math.h>
  +++ |+#include <math.h>
    1 | #ifdef CHECK_FUNCTION_EXISTS
Linking C executable cmTC_26522
/usr/bin/cmake -E cmake_link_script CMakeFiles/cmTC_26522.dir/link.txt --verbose=1
/usr/bin/cc  -DCHECK_FUNCTION_EXISTS=ceil CMakeFiles/cmTC_26522.dir/CheckFunctionExists.c.o -o cmTC_26522  -lm 
gmake[1]: Leaving directory '/home/jclee/Development/Matter/WS_Matter/iotivity-lite/build/CMakeFiles/CMakeTmp'



Determining if the include file pthread.h exists passed with the following output:
Change Dir: /home/jclee/Development/Matter/WS_Matter/iotivity-lite/build/CMakeFiles/CMakeTmp

Run Build Command(s):/usr/bin/gmake -f Makefile cmTC_d31cf/fast && /usr/bin/gmake  -f CMakeFiles/cmTC_d31cf.dir/build.make CMakeFiles/cmTC_d31cf.dir/build
gmake[1]: Entering directory '/home/jclee/Development/Matter/WS_Matter/iotivity-lite/build/CMakeFiles/CMakeTmp'
Building C object CMakeFiles/cmTC_d31cf.dir/CheckIncludeFile.c.o
/usr/bin/cc   -fPIE -o CMakeFiles/cmTC_d31cf.dir/CheckIncludeFile.c.o -c /home/jclee/Development/Matter/WS_Matter/iotivity-lite/build/CMakeFiles/CMakeTmp/CheckIncludeFile.c
Linking C executable cmTC_d31cf
/usr/bin/cmake -E cmake_link_script CMakeFiles/cmTC_d31cf.dir/link.txt --verbose=1
/usr/bin/cc CMakeFiles/cmTC_d31cf.dir/CheckIncludeFile.c.o -o cmTC_d31cf 
gmake[1]: Leaving directory '/home/jclee/Development/Matter/WS_Matter/iotivity-lite/build/CMakeFiles/CMakeTmp'



Performing C SOURCE FILE Test CMAKE_HAVE_LIBC_PTHREAD succeeded with the following output:
Change Dir: /home/jclee/Development/Matter/WS_Matter/iotivity-lite/build/CMakeFiles/CMakeTmp

Run Build Command(s):/usr/bin/gmake -f Makefile cmTC_8cfe6/fast && /usr/bin/gmake  -f CMakeFiles/cmTC_8cfe6.dir/build.make CMakeFiles/cmTC_8cfe6.dir/build
gmake[1]: Entering directory '/home/jclee/Development/Matter/WS_Matter/iotivity-lite/build/CMakeFiles/CMakeTmp'
Building C object CMakeFiles/cmTC_8cfe6.dir/src.c.o
/usr/bin/cc -DCMAKE_HAVE_LIBC_PTHREAD  -fPIE -o CMakeFiles/cmTC_8cfe6.dir/src.c.o -c /home/jclee/Development/Matter/WS_Matter/iotivity-lite/build/CMakeFiles/CMakeTmp/src.c
Linking C executable cmTC_8cfe6
/usr/bin/cmake -E cmake_link_script CMakeFiles/cmTC_8cfe6.dir/link.txt --verbose=1
/usr/bin/cc CMakeFiles/cmTC_8cfe6.dir/src.c.o -o cmTC_8cfe6 
gmake[1]: Leaving directory '/home/jclee/Development/Matter/WS_Matter/iotivity-lite/build/CMakeFiles/CMakeTmp'


Source file was:
#include <pthread.h>

static void* test_func(void* data)
{
  return data;
}

int main(void)
{
  pthread_t thread;
  pthread_create(&thread, NULL, test_func, NULL);
  pthread_detach(thread);
  pthread_cancel(thread);
  pthread_join(thread, NULL);
  pthread_atfork(NULL, NULL, NULL);
  pthread_exit(NULL);

  return 0;
}

Performing C SOURCE FILE Test C_COMPILER_SUPPORTS_WFORMAT_SIGNEDNESS succeeded with the following output:
Change Dir: /home/jclee/Development/Matter/WS_Matter/iotivity-lite/build/CMakeFiles/CMakeTmp

Run Build Command(s):/usr/bin/gmake -f Makefile cmTC_7402d/fast && /usr/bin/gmake  -f CMakeFiles/cmTC_7402d.dir/build.make CMakeFiles/cmTC_7402d.dir/build
gmake[1]: Entering directory '/home/jclee/Development/Matter/WS_Matter/iotivity-lite/build/CMakeFiles/CMakeTmp'
Building C object CMakeFiles/cmTC_7402d.dir/src.c.o
/usr/bin/cc -DC_COMPILER_SUPPORTS_WFORMAT_SIGNEDNESS  -Wall -Wextra -Wwrite-strings -Wformat=2 -Wno-format-nonliteral -Wvla -Wlogical-op -Wshadow  -fPIE   -Wformat-signedness -o CMakeFiles/cmTC_7402d.dir/src.c.o -c /home/jclee/Development/Matter/WS_Matter/iotivity-lite/build/CMakeFiles/CMakeTmp/src.c
Linking C executable cmTC_7402d
/usr/bin/cmake -E cmake_link_script CMakeFiles/cmTC_7402d.dir/link.txt --verbose=1
/usr/bin/cc  -Wall -Wextra -Wwrite-strings -Wformat=2 -Wno-format-nonliteral -Wvla -Wlogical-op -Wshadow  CMakeFiles/cmTC_7402d.dir/src.c.o -o cmTC_7402d 
gmake[1]: Leaving directory '/home/jclee/Development/Matter/WS_Matter/iotivity-lite/build/CMakeFiles/CMakeTmp'


Source file was:
int main(void) { return 0; }
Determining if the open_memstream exist passed with the following output:
Change Dir: /home/jclee/Development/Matter/WS_Matter/iotivity-lite/build/CMakeFiles/CMakeTmp

Run Build Command(s):/usr/bin/gmake -f Makefile cmTC_e683d/fast && /usr/bin/gmake  -f CMakeFiles/cmTC_e683d.dir/build.make CMakeFiles/cmTC_e683d.dir/build
gmake[1]: Entering directory '/home/jclee/Development/Matter/WS_Matter/iotivity-lite/build/CMakeFiles/CMakeTmp'
Building C object CMakeFiles/cmTC_e683d.dir/CheckSymbolExists.c.o
/usr/bin/cc -D_GNU_SOURCE  -fPIE -o CMakeFiles/cmTC_e683d.dir/CheckSymbolExists.c.o -c /home/jclee/Development/Matter/WS_Matter/iotivity-lite/build/CMakeFiles/CMakeTmp/CheckSymbolExists.c
Linking C executable cmTC_e683d
/usr/bin/cmake -E cmake_link_script CMakeFiles/cmTC_e683d.dir/link.txt --verbose=1
/usr/bin/cc CMakeFiles/cmTC_e683d.dir/CheckSymbolExists.c.o -o cmTC_e683d 
gmake[1]: Leaving directory '/home/jclee/Development/Matter/WS_Matter/iotivity-lite/build/CMakeFiles/CMakeTmp'


File /home/jclee/Development/Matter/WS_Matter/iotivity-lite/build/CMakeFiles/CMakeTmp/CheckSymbolExists.c:
/* */
#include <stdio.h>

int main(int argc, char** argv)
{
  (void)argv;
#ifndef open_memstream
  return ((int*)(&open_memstream))[argc];
#else
  (void)argc;
  return 0;
#endif
}
Determining if the fopencookie exist passed with the following output:
Change Dir: /home/jclee/Development/Matter/WS_Matter/iotivity-lite/build/CMakeFiles/CMakeTmp

Run Build Command(s):/usr/bin/gmake -f Makefile cmTC_dbe11/fast && /usr/bin/gmake  -f CMakeFiles/cmTC_dbe11.dir/build.make CMakeFiles/cmTC_dbe11.dir/build
gmake[1]: Entering directory '/home/jclee/Development/Matter/WS_Matter/iotivity-lite/build/CMakeFiles/CMakeTmp'
Building C object CMakeFiles/cmTC_dbe11.dir/CheckSymbolExists.c.o
/usr/bin/cc -D_GNU_SOURCE  -fPIE -o CMakeFiles/cmTC_dbe11.dir/CheckSymbolExists.c.o -c /home/jclee/Development/Matter/WS_Matter/iotivity-lite/build/CMakeFiles/CMakeTmp/CheckSymbolExists.c
Linking C executable cmTC_dbe11
/usr/bin/cmake -E cmake_link_script CMakeFiles/cmTC_dbe11.dir/link.txt --verbose=1
/usr/bin/cc CMakeFiles/cmTC_dbe11.dir/CheckSymbolExists.c.o -o cmTC_dbe11 
gmake[1]: Leaving directory '/home/jclee/Development/Matter/WS_Matter/iotivity-lite/build/CMakeFiles/CMakeTmp'


File /home/jclee/Development/Matter/WS_Matter/iotivity-lite/build/CMakeFiles/CMakeTmp/CheckSymbolExists.c:
/* */
#include <stdio.h>

int main(int argc, char** argv)
{
  (void)argv;
#ifndef fopencookie
  return ((int*)(&fopencookie))[argc];
#else
  (void)argc;
  return 0;
#endif
}
Performing C SOURCE FILE Test C_COMPILER_SUPPORTS_G succeeded with the following output:
Change Dir: /home/jclee/Development/Matter/WS_Matter/iotivity-lite/build/CMakeFiles/CMakeTmp

Run Build Command(s):/usr/bin/gmake -f Makefile cmTC_f7156/fast && gmake[1]: Entering directory '/home/jclee/Development/Matter/WS_Matter/iotivity-lite/build/CMakeFiles/CMakeTmp'
/usr/bin/gmake  -f CMakeFiles/cmTC_f7156.dir/build.make CMakeFiles/cmTC_f7156.dir/build
gmake[2]: Entering directory '/home/jclee/Development/Matter/WS_Matter/iotivity-lite/build/CMakeFiles/CMakeTmp'
Building C object CMakeFiles/cmTC_f7156.dir/src.c.o
/usr/bin/cc -DC_COMPILER_SUPPORTS_G  -fPIE   -g -o CMakeFiles/cmTC_f7156.dir/src.c.o -c /home/jclee/Development/Matter/WS_Matter/iotivity-lite/build/CMakeFiles/CMakeTmp/src.c
Linking C executable cmTC_f7156
/usr/bin/cmake -E cmake_link_script CMakeFiles/cmTC_f7156.dir/link.txt --verbose=1
/usr/bin/cc CMakeFiles/cmTC_f7156.dir/src.c.o -o cmTC_f7156 
gmake[2]: Leaving directory '/home/jclee/Development/Matter/WS_Matter/iotivity-lite/build/CMakeFiles/CMakeTmp'
gmake[1]: Leaving directory '/home/jclee/Development/Matter/WS_Matter/iotivity-lite/build/CMakeFiles/CMakeTmp'


Source file was:
int main(void) { return 0; }
Performing C++ SOURCE FILE Test CXX_COMPILER_SUPPORTS_G succeeded with the following output:
Change Dir: /home/jclee/Development/Matter/WS_Matter/iotivity-lite/build/CMakeFiles/CMakeTmp

Run Build Command(s):/usr/bin/gmake -f Makefile cmTC_a7571/fast && gmake[1]: Entering directory '/home/jclee/Development/Matter/WS_Matter/iotivity-lite/build/CMakeFiles/CMakeTmp'
/usr/bin/gmake  -f CMakeFiles/cmTC_a7571.dir/build.make CMakeFiles/cmTC_a7571.dir/build
gmake[2]: Entering directory '/home/jclee/Development/Matter/WS_Matter/iotivity-lite/build/CMakeFiles/CMakeTmp'
Building CXX object CMakeFiles/cmTC_a7571.dir/src.cxx.o
/usr/bin/c++ -DCXX_COMPILER_SUPPORTS_G  -fPIE   -g -o CMakeFiles/cmTC_a7571.dir/src.cxx.o -c /home/jclee/Development/Matter/WS_Matter/iotivity-lite/build/CMakeFiles/CMakeTmp/src.cxx
Linking CXX executable cmTC_a7571
/usr/bin/cmake -E cmake_link_script CMakeFiles/cmTC_a7571.dir/link.txt --verbose=1
/usr/bin/c++ CMakeFiles/cmTC_a7571.dir/src.cxx.o -o cmTC_a7571 
gmake[2]: Leaving directory '/home/jclee/Development/Matter/WS_Matter/iotivity-lite/build/CMakeFiles/CMakeTmp'
gmake[1]: Leaving directory '/home/jclee/Development/Matter/WS_Matter/iotivity-lite/build/CMakeFiles/CMakeTmp'


Source file was:
int main() { return 0; }
